2025-12-21 02:01:08 +09:00: C:\Users\Administrator\Documents\sunhawk_aws\node_modules\.bin\next:2
2025-12-21 02:01:08 +09:00: basedir=$(dirname "$(echo "$0" | sed -e 's,\\,/,g')")
2025-12-21 02:01:08 +09:00:           ^^^^^^^
2025-12-21 02:01:08 +09:00: 
2025-12-21 02:01:08 +09:00: SyntaxError: missing ) after argument list
2025-12-21 02:01:08 +09:00:     at wrapSafe (node:internal/modules/cjs/loader:1692:18)
2025-12-21 02:01:08 +09:00:     at Module._compile (node:internal/modules/cjs/loader:1735:20)
2025-12-21 02:01:08 +09:00:     at Object..js (node:internal/modules/cjs/loader:1893:10)
2025-12-21 02:01:08 +09:00:     at Module.load (node:internal/modules/cjs/loader:1481:32)
2025-12-21 02:01:08 +09:00:     at Module._load (node:internal/modules/cjs/loader:1300:12)
2025-12-21 02:01:08 +09:00:     at Object.<anonymous> (C:\Users\Administrator\Documents\sunhawk_aws\node_modules\.pnpm\pm2@6.0.14\node_modules\pm2\lib\ProcessContainerFork.js:33:23)
2025-12-21 02:01:08 +09:00:     at Module._compile (node:internal/modules/cjs/loader:1761:14)
2025-12-21 02:01:08 +09:00:     at Object..js (node:internal/modules/cjs/loader:1893:10)
2025-12-21 02:01:08 +09:00:     at Module.load (node:internal/modules/cjs/loader:1481:32)
2025-12-21 02:01:08 +09:00:     at Module._load (node:internal/modules/cjs/loader:1300:12)
2025-12-21 02:01:08 +09:00: C:\Users\Administrator\Documents\sunhawk_aws\node_modules\.bin\next:2
2025-12-21 02:01:08 +09:00: basedir=$(dirname "$(echo "$0" | sed -e 's,\\,/,g')")
2025-12-21 02:01:08 +09:00:           ^^^^^^^
2025-12-21 02:01:08 +09:00: 
2025-12-21 02:01:08 +09:00: SyntaxError: missing ) after argument list
2025-12-21 02:01:08 +09:00:     at wrapSafe (node:internal/modules/cjs/loader:1692:18)
2025-12-21 02:01:08 +09:00:     at Module._compile (node:internal/modules/cjs/loader:1735:20)
2025-12-21 02:01:08 +09:00:     at Object..js (node:internal/modules/cjs/loader:1893:10)
2025-12-21 02:01:08 +09:00:     at Module.load (node:internal/modules/cjs/loader:1481:32)
2025-12-21 02:01:08 +09:00:     at Module._load (node:internal/modules/cjs/loader:1300:12)
2025-12-21 02:01:08 +09:00:     at Object.<anonymous> (C:\Users\Administrator\Documents\sunhawk_aws\node_modules\.pnpm\pm2@6.0.14\node_modules\pm2\lib\ProcessContainerFork.js:33:23)
2025-12-21 02:01:08 +09:00:     at Module._compile (node:internal/modules/cjs/loader:1761:14)
2025-12-21 02:01:08 +09:00:     at Object..js (node:internal/modules/cjs/loader:1893:10)
2025-12-21 02:01:08 +09:00:     at Module.load (node:internal/modules/cjs/loader:1481:32)
2025-12-21 02:01:08 +09:00:     at Module._load (node:internal/modules/cjs/loader:1300:12)
2025-12-21 02:01:09 +09:00: C:\Users\Administrator\Documents\sunhawk_aws\node_modules\.bin\next:2
2025-12-21 02:01:09 +09:00: basedir=$(dirname "$(echo "$0" | sed -e 's,\\,/,g')")
2025-12-21 02:01:09 +09:00:           ^^^^^^^
2025-12-21 02:01:09 +09:00: 
2025-12-21 02:01:09 +09:00: SyntaxError: missing ) after argument list
2025-12-21 02:01:09 +09:00:     at wrapSafe (node:internal/modules/cjs/loader:1692:18)
2025-12-21 02:01:09 +09:00:     at Module._compile (node:internal/modules/cjs/loader:1735:20)
2025-12-21 02:01:09 +09:00:     at Object..js (node:internal/modules/cjs/loader:1893:10)
2025-12-21 02:01:09 +09:00:     at Module.load (node:internal/modules/cjs/loader:1481:32)
2025-12-21 02:01:09 +09:00:     at Module._load (node:internal/modules/cjs/loader:1300:12)
2025-12-21 02:01:09 +09:00:     at Object.<anonymous> (C:\Users\Administrator\Documents\sunhawk_aws\node_modules\.pnpm\pm2@6.0.14\node_modules\pm2\lib\ProcessContainerFork.js:33:23)
2025-12-21 02:01:09 +09:00:     at Module._compile (node:internal/modules/cjs/loader:1761:14)
2025-12-21 02:01:09 +09:00:     at Object..js (node:internal/modules/cjs/loader:1893:10)
2025-12-21 02:01:09 +09:00:     at Module.load (node:internal/modules/cjs/loader:1481:32)
2025-12-21 02:01:09 +09:00:     at Module._load (node:internal/modules/cjs/loader:1300:12)
2025-12-21 02:01:09 +09:00: C:\Users\Administrator\Documents\sunhawk_aws\node_modules\.bin\next:2
2025-12-21 02:01:09 +09:00: basedir=$(dirname "$(echo "$0" | sed -e 's,\\,/,g')")
2025-12-21 02:01:09 +09:00:           ^^^^^^^
2025-12-21 02:01:09 +09:00: 
2025-12-21 02:01:09 +09:00: SyntaxError: missing ) after argument list
2025-12-21 02:01:09 +09:00:     at wrapSafe (node:internal/modules/cjs/loader:1692:18)
2025-12-21 02:01:09 +09:00:     at Module._compile (node:internal/modules/cjs/loader:1735:20)
2025-12-21 02:01:09 +09:00:     at Object..js (node:internal/modules/cjs/loader:1893:10)
2025-12-21 02:01:09 +09:00:     at Module.load (node:internal/modules/cjs/loader:1481:32)
2025-12-21 02:01:09 +09:00:     at Module._load (node:internal/modules/cjs/loader:1300:12)
2025-12-21 02:01:09 +09:00:     at Object.<anonymous> (C:\Users\Administrator\Documents\sunhawk_aws\node_modules\.pnpm\pm2@6.0.14\node_modules\pm2\lib\ProcessContainerFork.js:33:23)
2025-12-21 02:01:09 +09:00:     at Module._compile (node:internal/modules/cjs/loader:1761:14)
2025-12-21 02:01:09 +09:00:     at Object..js (node:internal/modules/cjs/loader:1893:10)
2025-12-21 02:01:09 +09:00:     at Module.load (node:internal/modules/cjs/loader:1481:32)
2025-12-21 02:01:09 +09:00:     at Module._load (node:internal/modules/cjs/loader:1300:12)
2025-12-21 02:01:10 +09:00: C:\Users\Administrator\Documents\sunhawk_aws\node_modules\.bin\next:2
2025-12-21 02:01:10 +09:00: basedir=$(dirname "$(echo "$0" | sed -e 's,\\,/,g')")
2025-12-21 02:01:10 +09:00:           ^^^^^^^
2025-12-21 02:01:10 +09:00: 
2025-12-21 02:01:10 +09:00: SyntaxError: missing ) after argument list
2025-12-21 02:01:10 +09:00:     at wrapSafe (node:internal/modules/cjs/loader:1692:18)
2025-12-21 02:01:10 +09:00:     at Module._compile (node:internal/modules/cjs/loader:1735:20)
2025-12-21 02:01:10 +09:00:     at Object..js (node:internal/modules/cjs/loader:1893:10)
2025-12-21 02:01:10 +09:00:     at Module.load (node:internal/modules/cjs/loader:1481:32)
2025-12-21 02:01:10 +09:00:     at Module._load (node:internal/modules/cjs/loader:1300:12)
2025-12-21 02:01:10 +09:00:     at Object.<anonymous> (C:\Users\Administrator\Documents\sunhawk_aws\node_modules\.pnpm\pm2@6.0.14\node_modules\pm2\lib\ProcessContainerFork.js:33:23)
2025-12-21 02:01:10 +09:00:     at Module._compile (node:internal/modules/cjs/loader:1761:14)
2025-12-21 02:01:10 +09:00:     at Object..js (node:internal/modules/cjs/loader:1893:10)
2025-12-21 02:01:10 +09:00:     at Module.load (node:internal/modules/cjs/loader:1481:32)
2025-12-21 02:01:10 +09:00:     at Module._load (node:internal/modules/cjs/loader:1300:12)
2025-12-21 02:01:11 +09:00: C:\Users\Administrator\Documents\sunhawk_aws\node_modules\.bin\next:2
2025-12-21 02:01:11 +09:00: basedir=$(dirname "$(echo "$0" | sed -e 's,\\,/,g')")
2025-12-21 02:01:11 +09:00:           ^^^^^^^
2025-12-21 02:01:11 +09:00: 
2025-12-21 02:01:11 +09:00: SyntaxError: missing ) after argument list
2025-12-21 02:01:11 +09:00:     at wrapSafe (node:internal/modules/cjs/loader:1692:18)
2025-12-21 02:01:11 +09:00:     at Module._compile (node:internal/modules/cjs/loader:1735:20)
2025-12-21 02:01:11 +09:00:     at Object..js (node:internal/modules/cjs/loader:1893:10)
2025-12-21 02:01:11 +09:00:     at Module.load (node:internal/modules/cjs/loader:1481:32)
2025-12-21 02:01:11 +09:00:     at Module._load (node:internal/modules/cjs/loader:1300:12)
2025-12-21 02:01:11 +09:00:     at Object.<anonymous> (C:\Users\Administrator\Documents\sunhawk_aws\node_modules\.pnpm\pm2@6.0.14\node_modules\pm2\lib\ProcessContainerFork.js:33:23)
2025-12-21 02:01:11 +09:00:     at Module._compile (node:internal/modules/cjs/loader:1761:14)
2025-12-21 02:01:11 +09:00:     at Object..js (node:internal/modules/cjs/loader:1893:10)
2025-12-21 02:01:11 +09:00:     at Module.load (node:internal/modules/cjs/loader:1481:32)
2025-12-21 02:01:11 +09:00:     at Module._load (node:internal/modules/cjs/loader:1300:12)
2025-12-21 02:01:11 +09:00: C:\Users\Administrator\Documents\sunhawk_aws\node_modules\.bin\next:2
2025-12-21 02:01:11 +09:00: basedir=$(dirname "$(echo "$0" | sed -e 's,\\,/,g')")
2025-12-21 02:01:11 +09:00:           ^^^^^^^
2025-12-21 02:01:11 +09:00: 
2025-12-21 02:01:11 +09:00: SyntaxError: missing ) after argument list
2025-12-21 02:01:11 +09:00:     at wrapSafe (node:internal/modules/cjs/loader:1692:18)
2025-12-21 02:01:11 +09:00:     at Module._compile (node:internal/modules/cjs/loader:1735:20)
2025-12-21 02:01:11 +09:00:     at Object..js (node:internal/modules/cjs/loader:1893:10)
2025-12-21 02:01:11 +09:00:     at Module.load (node:internal/modules/cjs/loader:1481:32)
2025-12-21 02:01:11 +09:00:     at Module._load (node:internal/modules/cjs/loader:1300:12)
2025-12-21 02:01:11 +09:00:     at Object.<anonymous> (C:\Users\Administrator\Documents\sunhawk_aws\node_modules\.pnpm\pm2@6.0.14\node_modules\pm2\lib\ProcessContainerFork.js:33:23)
2025-12-21 02:01:11 +09:00:     at Module._compile (node:internal/modules/cjs/loader:1761:14)
2025-12-21 02:01:11 +09:00:     at Object..js (node:internal/modules/cjs/loader:1893:10)
2025-12-21 02:01:11 +09:00:     at Module.load (node:internal/modules/cjs/loader:1481:32)
2025-12-21 02:01:11 +09:00:     at Module._load (node:internal/modules/cjs/loader:1300:12)
2025-12-21 02:01:12 +09:00: C:\Users\Administrator\Documents\sunhawk_aws\node_modules\.bin\next:2
2025-12-21 02:01:12 +09:00: basedir=$(dirname "$(echo "$0" | sed -e 's,\\,/,g')")
2025-12-21 02:01:12 +09:00:           ^^^^^^^
2025-12-21 02:01:12 +09:00: 
2025-12-21 02:01:12 +09:00: SyntaxError: missing ) after argument list
2025-12-21 02:01:12 +09:00:     at wrapSafe (node:internal/modules/cjs/loader:1692:18)
2025-12-21 02:01:12 +09:00:     at Module._compile (node:internal/modules/cjs/loader:1735:20)
2025-12-21 02:01:12 +09:00:     at Object..js (node:internal/modules/cjs/loader:1893:10)
2025-12-21 02:01:12 +09:00:     at Module.load (node:internal/modules/cjs/loader:1481:32)
2025-12-21 02:01:12 +09:00:     at Module._load (node:internal/modules/cjs/loader:1300:12)
2025-12-21 02:01:12 +09:00:     at Object.<anonymous> (C:\Users\Administrator\Documents\sunhawk_aws\node_modules\.pnpm\pm2@6.0.14\node_modules\pm2\lib\ProcessContainerFork.js:33:23)
2025-12-21 02:01:12 +09:00:     at Module._compile (node:internal/modules/cjs/loader:1761:14)
2025-12-21 02:01:12 +09:00:     at Object..js (node:internal/modules/cjs/loader:1893:10)
2025-12-21 02:01:12 +09:00:     at Module.load (node:internal/modules/cjs/loader:1481:32)
2025-12-21 02:01:12 +09:00:     at Module._load (node:internal/modules/cjs/loader:1300:12)
2025-12-21 02:01:13 +09:00: C:\Users\Administrator\Documents\sunhawk_aws\node_modules\.bin\next:2
2025-12-21 02:01:13 +09:00: basedir=$(dirname "$(echo "$0" | sed -e 's,\\,/,g')")
2025-12-21 02:01:13 +09:00:           ^^^^^^^
2025-12-21 02:01:13 +09:00: 
2025-12-21 02:01:13 +09:00: SyntaxError: missing ) after argument list
2025-12-21 02:01:13 +09:00:     at wrapSafe (node:internal/modules/cjs/loader:1692:18)
2025-12-21 02:01:13 +09:00:     at Module._compile (node:internal/modules/cjs/loader:1735:20)
2025-12-21 02:01:13 +09:00:     at Object..js (node:internal/modules/cjs/loader:1893:10)
2025-12-21 02:01:13 +09:00:     at Module.load (node:internal/modules/cjs/loader:1481:32)
2025-12-21 02:01:13 +09:00:     at Module._load (node:internal/modules/cjs/loader:1300:12)
2025-12-21 02:01:13 +09:00:     at Object.<anonymous> (C:\Users\Administrator\Documents\sunhawk_aws\node_modules\.pnpm\pm2@6.0.14\node_modules\pm2\lib\ProcessContainerFork.js:33:23)
2025-12-21 02:01:13 +09:00:     at Module._compile (node:internal/modules/cjs/loader:1761:14)
2025-12-21 02:01:13 +09:00:     at Object..js (node:internal/modules/cjs/loader:1893:10)
2025-12-21 02:01:13 +09:00:     at Module.load (node:internal/modules/cjs/loader:1481:32)
2025-12-21 02:01:13 +09:00:     at Module._load (node:internal/modules/cjs/loader:1300:12)
2025-12-21 02:01:14 +09:00: C:\Users\Administrator\Documents\sunhawk_aws\node_modules\.bin\next:2
2025-12-21 02:01:14 +09:00: basedir=$(dirname "$(echo "$0" | sed -e 's,\\,/,g')")
2025-12-21 02:01:14 +09:00:           ^^^^^^^
2025-12-21 02:01:14 +09:00: 
2025-12-21 02:01:14 +09:00: SyntaxError: missing ) after argument list
2025-12-21 02:01:14 +09:00:     at wrapSafe (node:internal/modules/cjs/loader:1692:18)
2025-12-21 02:01:14 +09:00:     at Module._compile (node:internal/modules/cjs/loader:1735:20)
2025-12-21 02:01:14 +09:00:     at Object..js (node:internal/modules/cjs/loader:1893:10)
2025-12-21 02:01:14 +09:00:     at Module.load (node:internal/modules/cjs/loader:1481:32)
2025-12-21 02:01:14 +09:00:     at Module._load (node:internal/modules/cjs/loader:1300:12)
2025-12-21 02:01:14 +09:00:     at Object.<anonymous> (C:\Users\Administrator\Documents\sunhawk_aws\node_modules\.pnpm\pm2@6.0.14\node_modules\pm2\lib\ProcessContainerFork.js:33:23)
2025-12-21 02:01:14 +09:00:     at Module._compile (node:internal/modules/cjs/loader:1761:14)
2025-12-21 02:01:14 +09:00:     at Object..js (node:internal/modules/cjs/loader:1893:10)
2025-12-21 02:01:14 +09:00:     at Module.load (node:internal/modules/cjs/loader:1481:32)
2025-12-21 02:01:14 +09:00:     at Module._load (node:internal/modules/cjs/loader:1300:12)
2025-12-21 02:01:14 +09:00: C:\Users\Administrator\Documents\sunhawk_aws\node_modules\.bin\next:2
2025-12-21 02:01:14 +09:00: basedir=$(dirname "$(echo "$0" | sed -e 's,\\,/,g')")
2025-12-21 02:01:14 +09:00:           ^^^^^^^
2025-12-21 02:01:14 +09:00: 
2025-12-21 02:01:14 +09:00: SyntaxError: missing ) after argument list
2025-12-21 02:01:14 +09:00:     at wrapSafe (node:internal/modules/cjs/loader:1692:18)
2025-12-21 02:01:14 +09:00:     at Module._compile (node:internal/modules/cjs/loader:1735:20)
2025-12-21 02:01:14 +09:00:     at Object..js (node:internal/modules/cjs/loader:1893:10)
2025-12-21 02:01:14 +09:00:     at Module.load (node:internal/modules/cjs/loader:1481:32)
2025-12-21 02:01:14 +09:00:     at Module._load (node:internal/modules/cjs/loader:1300:12)
2025-12-21 02:01:14 +09:00:     at Object.<anonymous> (C:\Users\Administrator\Documents\sunhawk_aws\node_modules\.pnpm\pm2@6.0.14\node_modules\pm2\lib\ProcessContainerFork.js:33:23)
2025-12-21 02:01:14 +09:00:     at Module._compile (node:internal/modules/cjs/loader:1761:14)
2025-12-21 02:01:14 +09:00:     at Object..js (node:internal/modules/cjs/loader:1893:10)
2025-12-21 02:01:14 +09:00:     at Module.load (node:internal/modules/cjs/loader:1481:32)
2025-12-21 02:01:14 +09:00:     at Module._load (node:internal/modules/cjs/loader:1300:12)
2025-12-21 02:01:15 +09:00: C:\Users\Administrator\Documents\sunhawk_aws\node_modules\.bin\next:2
2025-12-21 02:01:15 +09:00: basedir=$(dirname "$(echo "$0" | sed -e 's,\\,/,g')")
2025-12-21 02:01:15 +09:00:           ^^^^^^^
2025-12-21 02:01:15 +09:00: 
2025-12-21 02:01:15 +09:00: SyntaxError: missing ) after argument list
2025-12-21 02:01:15 +09:00:     at wrapSafe (node:internal/modules/cjs/loader:1692:18)
2025-12-21 02:01:15 +09:00:     at Module._compile (node:internal/modules/cjs/loader:1735:20)
2025-12-21 02:01:15 +09:00:     at Object..js (node:internal/modules/cjs/loader:1893:10)
2025-12-21 02:01:15 +09:00:     at Module.load (node:internal/modules/cjs/loader:1481:32)
2025-12-21 02:01:15 +09:00:     at Module._load (node:internal/modules/cjs/loader:1300:12)
2025-12-21 02:01:15 +09:00:     at Object.<anonymous> (C:\Users\Administrator\Documents\sunhawk_aws\node_modules\.pnpm\pm2@6.0.14\node_modules\pm2\lib\ProcessContainerFork.js:33:23)
2025-12-21 02:01:15 +09:00:     at Module._compile (node:internal/modules/cjs/loader:1761:14)
2025-12-21 02:01:15 +09:00:     at Object..js (node:internal/modules/cjs/loader:1893:10)
2025-12-21 02:01:15 +09:00:     at Module.load (node:internal/modules/cjs/loader:1481:32)
2025-12-21 02:01:15 +09:00:     at Module._load (node:internal/modules/cjs/loader:1300:12)
2025-12-21 02:01:15 +09:00: C:\Users\Administrator\Documents\sunhawk_aws\node_modules\.bin\next:2
2025-12-21 02:01:15 +09:00: basedir=$(dirname "$(echo "$0" | sed -e 's,\\,/,g')")
2025-12-21 02:01:15 +09:00:           ^^^^^^^
2025-12-21 02:01:15 +09:00: 
2025-12-21 02:01:15 +09:00: SyntaxError: missing ) after argument list
2025-12-21 02:01:15 +09:00:     at wrapSafe (node:internal/modules/cjs/loader:1692:18)
2025-12-21 02:01:15 +09:00:     at Module._compile (node:internal/modules/cjs/loader:1735:20)
2025-12-21 02:01:15 +09:00:     at Object..js (node:internal/modules/cjs/loader:1893:10)
2025-12-21 02:01:15 +09:00:     at Module.load (node:internal/modules/cjs/loader:1481:32)
2025-12-21 02:01:15 +09:00:     at Module._load (node:internal/modules/cjs/loader:1300:12)
2025-12-21 02:01:15 +09:00:     at Object.<anonymous> (C:\Users\Administrator\Documents\sunhawk_aws\node_modules\.pnpm\pm2@6.0.14\node_modules\pm2\lib\ProcessContainerFork.js:33:23)
2025-12-21 02:01:15 +09:00:     at Module._compile (node:internal/modules/cjs/loader:1761:14)
2025-12-21 02:01:15 +09:00:     at Object..js (node:internal/modules/cjs/loader:1893:10)
2025-12-21 02:01:15 +09:00:     at Module.load (node:internal/modules/cjs/loader:1481:32)
2025-12-21 02:01:15 +09:00:     at Module._load (node:internal/modules/cjs/loader:1300:12)
2025-12-21 02:01:16 +09:00: C:\Users\Administrator\Documents\sunhawk_aws\node_modules\.bin\next:2
2025-12-21 02:01:16 +09:00: basedir=$(dirname "$(echo "$0" | sed -e 's,\\,/,g')")
2025-12-21 02:01:16 +09:00:           ^^^^^^^
2025-12-21 02:01:16 +09:00: 
2025-12-21 02:01:16 +09:00: SyntaxError: missing ) after argument list
2025-12-21 02:01:16 +09:00:     at wrapSafe (node:internal/modules/cjs/loader:1692:18)
2025-12-21 02:01:16 +09:00:     at Module._compile (node:internal/modules/cjs/loader:1735:20)
2025-12-21 02:01:16 +09:00:     at Object..js (node:internal/modules/cjs/loader:1893:10)
2025-12-21 02:01:16 +09:00:     at Module.load (node:internal/modules/cjs/loader:1481:32)
2025-12-21 02:01:16 +09:00:     at Module._load (node:internal/modules/cjs/loader:1300:12)
2025-12-21 02:01:16 +09:00:     at Object.<anonymous> (C:\Users\Administrator\Documents\sunhawk_aws\node_modules\.pnpm\pm2@6.0.14\node_modules\pm2\lib\ProcessContainerFork.js:33:23)
2025-12-21 02:01:16 +09:00:     at Module._compile (node:internal/modules/cjs/loader:1761:14)
2025-12-21 02:01:16 +09:00:     at Object..js (node:internal/modules/cjs/loader:1893:10)
2025-12-21 02:01:16 +09:00:     at Module.load (node:internal/modules/cjs/loader:1481:32)
2025-12-21 02:01:16 +09:00:     at Module._load (node:internal/modules/cjs/loader:1300:12)
2025-12-21 02:01:16 +09:00: C:\Users\Administrator\Documents\sunhawk_aws\node_modules\.bin\next:2
2025-12-21 02:01:16 +09:00: basedir=$(dirname "$(echo "$0" | sed -e 's,\\,/,g')")
2025-12-21 02:01:16 +09:00:           ^^^^^^^
2025-12-21 02:01:16 +09:00: 
2025-12-21 02:01:16 +09:00: SyntaxError: missing ) after argument list
2025-12-21 02:01:16 +09:00:     at wrapSafe (node:internal/modules/cjs/loader:1692:18)
2025-12-21 02:01:16 +09:00:     at Module._compile (node:internal/modules/cjs/loader:1735:20)
2025-12-21 02:01:16 +09:00:     at Object..js (node:internal/modules/cjs/loader:1893:10)
2025-12-21 02:01:16 +09:00:     at Module.load (node:internal/modules/cjs/loader:1481:32)
2025-12-21 02:01:16 +09:00:     at Module._load (node:internal/modules/cjs/loader:1300:12)
2025-12-21 02:01:16 +09:00:     at Object.<anonymous> (C:\Users\Administrator\Documents\sunhawk_aws\node_modules\.pnpm\pm2@6.0.14\node_modules\pm2\lib\ProcessContainerFork.js:33:23)
2025-12-21 02:01:16 +09:00:     at Module._compile (node:internal/modules/cjs/loader:1761:14)
2025-12-21 02:01:16 +09:00:     at Object..js (node:internal/modules/cjs/loader:1893:10)
2025-12-21 02:01:16 +09:00:     at Module.load (node:internal/modules/cjs/loader:1481:32)
2025-12-21 02:01:16 +09:00:     at Module._load (node:internal/modules/cjs/loader:1300:12)
2025-12-21 02:01:17 +09:00: C:\Users\Administrator\Documents\sunhawk_aws\node_modules\.bin\next:2
2025-12-21 02:01:17 +09:00: basedir=$(dirname "$(echo "$0" | sed -e 's,\\,/,g')")
2025-12-21 02:01:17 +09:00:           ^^^^^^^
2025-12-21 02:01:17 +09:00: 
2025-12-21 02:01:17 +09:00: SyntaxError: missing ) after argument list
2025-12-21 02:01:17 +09:00:     at wrapSafe (node:internal/modules/cjs/loader:1692:18)
2025-12-21 02:01:17 +09:00:     at Module._compile (node:internal/modules/cjs/loader:1735:20)
2025-12-21 02:01:17 +09:00:     at Object..js (node:internal/modules/cjs/loader:1893:10)
2025-12-21 02:01:17 +09:00:     at Module.load (node:internal/modules/cjs/loader:1481:32)
2025-12-21 02:01:17 +09:00:     at Module._load (node:internal/modules/cjs/loader:1300:12)
2025-12-21 02:01:17 +09:00:     at Object.<anonymous> (C:\Users\Administrator\Documents\sunhawk_aws\node_modules\.pnpm\pm2@6.0.14\node_modules\pm2\lib\ProcessContainerFork.js:33:23)
2025-12-21 02:01:17 +09:00:     at Module._compile (node:internal/modules/cjs/loader:1761:14)
2025-12-21 02:01:17 +09:00:     at Object..js (node:internal/modules/cjs/loader:1893:10)
2025-12-21 02:01:17 +09:00:     at Module.load (node:internal/modules/cjs/loader:1481:32)
2025-12-21 02:01:17 +09:00:     at Module._load (node:internal/modules/cjs/loader:1300:12)
2025-12-21 02:01:19 +09:00: C:\Users\Administrator\Documents\sunhawk_aws\node_modules\.bin\next:2
2025-12-21 02:01:19 +09:00: basedir=$(dirname "$(echo "$0" | sed -e 's,\\,/,g')")
2025-12-21 02:01:19 +09:00:           ^^^^^^^
2025-12-21 02:01:19 +09:00: 
2025-12-21 02:01:19 +09:00: SyntaxError: missing ) after argument list
2025-12-21 02:01:19 +09:00:     at wrapSafe (node:internal/modules/cjs/loader:1692:18)
2025-12-21 02:01:19 +09:00:     at Module._compile (node:internal/modules/cjs/loader:1735:20)
2025-12-21 02:01:19 +09:00:     at Object..js (node:internal/modules/cjs/loader:1893:10)
2025-12-21 02:01:19 +09:00:     at Module.load (node:internal/modules/cjs/loader:1481:32)
2025-12-21 02:01:19 +09:00:     at Module._load (node:internal/modules/cjs/loader:1300:12)
2025-12-21 02:01:19 +09:00:     at Object.<anonymous> (C:\Users\Administrator\Documents\sunhawk_aws\node_modules\.pnpm\pm2@6.0.14\node_modules\pm2\lib\ProcessContainerFork.js:33:23)
2025-12-21 02:01:19 +09:00:     at Module._compile (node:internal/modules/cjs/loader:1761:14)
2025-12-21 02:01:19 +09:00:     at Object..js (node:internal/modules/cjs/loader:1893:10)
2025-12-21 02:01:19 +09:00:     at Module.load (node:internal/modules/cjs/loader:1481:32)
2025-12-21 02:01:19 +09:00:     at Module._load (node:internal/modules/cjs/loader:1300:12)
2025-12-21 02:01:19 +09:00: C:\Users\Administrator\Documents\sunhawk_aws\node_modules\.bin\next:2
2025-12-21 02:01:19 +09:00: basedir=$(dirname "$(echo "$0" | sed -e 's,\\,/,g')")
2025-12-21 02:01:19 +09:00:           ^^^^^^^
2025-12-21 02:01:19 +09:00: 
2025-12-21 02:01:19 +09:00: SyntaxError: missing ) after argument list
2025-12-21 02:01:19 +09:00:     at wrapSafe (node:internal/modules/cjs/loader:1692:18)
2025-12-21 02:01:19 +09:00:     at Module._compile (node:internal/modules/cjs/loader:1735:20)
2025-12-21 02:01:19 +09:00:     at Object..js (node:internal/modules/cjs/loader:1893:10)
2025-12-21 02:01:19 +09:00:     at Module.load (node:internal/modules/cjs/loader:1481:32)
2025-12-21 02:01:19 +09:00:     at Module._load (node:internal/modules/cjs/loader:1300:12)
2025-12-21 02:01:19 +09:00:     at Object.<anonymous> (C:\Users\Administrator\Documents\sunhawk_aws\node_modules\.pnpm\pm2@6.0.14\node_modules\pm2\lib\ProcessContainerFork.js:33:23)
2025-12-21 02:01:19 +09:00:     at Module._compile (node:internal/modules/cjs/loader:1761:14)
2025-12-21 02:01:19 +09:00:     at Object..js (node:internal/modules/cjs/loader:1893:10)
2025-12-21 02:01:19 +09:00:     at Module.load (node:internal/modules/cjs/loader:1481:32)
2025-12-21 02:01:19 +09:00:     at Module._load (node:internal/modules/cjs/loader:1300:12)
2025-12-21 02:01:20 +09:00: C:\Users\Administrator\Documents\sunhawk_aws\node_modules\.bin\next:2
2025-12-21 02:01:20 +09:00: basedir=$(dirname "$(echo "$0" | sed -e 's,\\,/,g')")
2025-12-21 02:01:20 +09:00:           ^^^^^^^
2025-12-21 02:01:20 +09:00: 
2025-12-21 02:01:20 +09:00: SyntaxError: missing ) after argument list
2025-12-21 02:01:20 +09:00:     at wrapSafe (node:internal/modules/cjs/loader:1692:18)
2025-12-21 02:01:20 +09:00:     at Module._compile (node:internal/modules/cjs/loader:1735:20)
2025-12-21 02:01:20 +09:00:     at Object..js (node:internal/modules/cjs/loader:1893:10)
2025-12-21 02:01:20 +09:00:     at Module.load (node:internal/modules/cjs/loader:1481:32)
2025-12-21 02:01:20 +09:00:     at Module._load (node:internal/modules/cjs/loader:1300:12)
2025-12-21 02:01:20 +09:00:     at Object.<anonymous> (C:\Users\Administrator\Documents\sunhawk_aws\node_modules\.pnpm\pm2@6.0.14\node_modules\pm2\lib\ProcessContainerFork.js:33:23)
2025-12-21 02:01:20 +09:00:     at Module._compile (node:internal/modules/cjs/loader:1761:14)
2025-12-21 02:01:20 +09:00:     at Object..js (node:internal/modules/cjs/loader:1893:10)
2025-12-21 02:01:20 +09:00:     at Module.load (node:internal/modules/cjs/loader:1481:32)
2025-12-21 02:01:20 +09:00:     at Module._load (node:internal/modules/cjs/loader:1300:12)
2025-12-21 02:05:15 +09:00: C:\Users\Administrator\Documents\sunhawk_aws\node_modules\.bin\next:2
2025-12-21 02:05:15 +09:00: basedir=$(dirname "$(echo "$0" | sed -e 's,\\,/,g')")
2025-12-21 02:05:15 +09:00:           ^^^^^^^
2025-12-21 02:05:15 +09:00: 
2025-12-21 02:05:15 +09:00: SyntaxError: missing ) after argument list
2025-12-21 02:05:15 +09:00:     at wrapSafe (node:internal/modules/cjs/loader:1692:18)
2025-12-21 02:05:15 +09:00:     at Module._compile (node:internal/modules/cjs/loader:1735:20)
2025-12-21 02:05:15 +09:00:     at Object..js (node:internal/modules/cjs/loader:1893:10)
2025-12-21 02:05:15 +09:00:     at Module.load (node:internal/modules/cjs/loader:1481:32)
2025-12-21 02:05:15 +09:00:     at Module._load (node:internal/modules/cjs/loader:1300:12)
2025-12-21 02:05:15 +09:00:     at Object.<anonymous> (C:\Users\Administrator\Documents\sunhawk_aws\node_modules\.pnpm\pm2@6.0.14\node_modules\pm2\lib\ProcessContainerFork.js:33:23)
2025-12-21 02:05:15 +09:00:     at Module._compile (node:internal/modules/cjs/loader:1761:14)
2025-12-21 02:05:15 +09:00:     at Object..js (node:internal/modules/cjs/loader:1893:10)
2025-12-21 02:05:15 +09:00:     at Module.load (node:internal/modules/cjs/loader:1481:32)
2025-12-21 02:05:15 +09:00:     at Module._load (node:internal/modules/cjs/loader:1300:12)
2025-12-21 02:05:15 +09:00: C:\Users\Administrator\Documents\sunhawk_aws\node_modules\.bin\next:2
2025-12-21 02:05:15 +09:00: basedir=$(dirname "$(echo "$0" | sed -e 's,\\,/,g')")
2025-12-21 02:05:15 +09:00:           ^^^^^^^
2025-12-21 02:05:15 +09:00: 
2025-12-21 02:05:15 +09:00: SyntaxError: missing ) after argument list
2025-12-21 02:05:15 +09:00:     at wrapSafe (node:internal/modules/cjs/loader:1692:18)
2025-12-21 02:05:15 +09:00:     at Module._compile (node:internal/modules/cjs/loader:1735:20)
2025-12-21 02:05:15 +09:00:     at Object..js (node:internal/modules/cjs/loader:1893:10)
2025-12-21 02:05:15 +09:00:     at Module.load (node:internal/modules/cjs/loader:1481:32)
2025-12-21 02:05:15 +09:00:     at Module._load (node:internal/modules/cjs/loader:1300:12)
2025-12-21 02:05:15 +09:00:     at Object.<anonymous> (C:\Users\Administrator\Documents\sunhawk_aws\node_modules\.pnpm\pm2@6.0.14\node_modules\pm2\lib\ProcessContainerFork.js:33:23)
2025-12-21 02:05:15 +09:00:     at Module._compile (node:internal/modules/cjs/loader:1761:14)
2025-12-21 02:05:15 +09:00:     at Object..js (node:internal/modules/cjs/loader:1893:10)
2025-12-21 02:05:15 +09:00:     at Module.load (node:internal/modules/cjs/loader:1481:32)
2025-12-21 02:05:15 +09:00:     at Module._load (node:internal/modules/cjs/loader:1300:12)
2025-12-21 02:05:16 +09:00: C:\Users\Administrator\Documents\sunhawk_aws\node_modules\.bin\next:2
2025-12-21 02:05:16 +09:00: basedir=$(dirname "$(echo "$0" | sed -e 's,\\,/,g')")
2025-12-21 02:05:16 +09:00:           ^^^^^^^
2025-12-21 02:05:16 +09:00: 
2025-12-21 02:05:16 +09:00: SyntaxError: missing ) after argument list
2025-12-21 02:05:16 +09:00:     at wrapSafe (node:internal/modules/cjs/loader:1692:18)
2025-12-21 02:05:16 +09:00:     at Module._compile (node:internal/modules/cjs/loader:1735:20)
2025-12-21 02:05:16 +09:00:     at Object..js (node:internal/modules/cjs/loader:1893:10)
2025-12-21 02:05:16 +09:00:     at Module.load (node:internal/modules/cjs/loader:1481:32)
2025-12-21 02:05:16 +09:00:     at Module._load (node:internal/modules/cjs/loader:1300:12)
2025-12-21 02:05:16 +09:00:     at Object.<anonymous> (C:\Users\Administrator\Documents\sunhawk_aws\node_modules\.pnpm\pm2@6.0.14\node_modules\pm2\lib\ProcessContainerFork.js:33:23)
2025-12-21 02:05:16 +09:00:     at Module._compile (node:internal/modules/cjs/loader:1761:14)
2025-12-21 02:05:16 +09:00:     at Object..js (node:internal/modules/cjs/loader:1893:10)
2025-12-21 02:05:16 +09:00:     at Module.load (node:internal/modules/cjs/loader:1481:32)
2025-12-21 02:05:16 +09:00:     at Module._load (node:internal/modules/cjs/loader:1300:12)
2025-12-21 02:05:16 +09:00: C:\Users\Administrator\Documents\sunhawk_aws\node_modules\.bin\next:2
2025-12-21 02:05:16 +09:00: basedir=$(dirname "$(echo "$0" | sed -e 's,\\,/,g')")
2025-12-21 02:05:16 +09:00:           ^^^^^^^
2025-12-21 02:05:16 +09:00: 
2025-12-21 02:05:16 +09:00: SyntaxError: missing ) after argument list
2025-12-21 02:05:16 +09:00:     at wrapSafe (node:internal/modules/cjs/loader:1692:18)
2025-12-21 02:05:16 +09:00:     at Module._compile (node:internal/modules/cjs/loader:1735:20)
2025-12-21 02:05:16 +09:00:     at Object..js (node:internal/modules/cjs/loader:1893:10)
2025-12-21 02:05:16 +09:00:     at Module.load (node:internal/modules/cjs/loader:1481:32)
2025-12-21 02:05:16 +09:00:     at Module._load (node:internal/modules/cjs/loader:1300:12)
2025-12-21 02:05:16 +09:00:     at Object.<anonymous> (C:\Users\Administrator\Documents\sunhawk_aws\node_modules\.pnpm\pm2@6.0.14\node_modules\pm2\lib\ProcessContainerFork.js:33:23)
2025-12-21 02:05:16 +09:00:     at Module._compile (node:internal/modules/cjs/loader:1761:14)
2025-12-21 02:05:16 +09:00:     at Object..js (node:internal/modules/cjs/loader:1893:10)
2025-12-21 02:05:16 +09:00:     at Module.load (node:internal/modules/cjs/loader:1481:32)
2025-12-21 02:05:16 +09:00:     at Module._load (node:internal/modules/cjs/loader:1300:12)
2025-12-21 02:05:16 +09:00: C:\Users\Administrator\Documents\sunhawk_aws\node_modules\.bin\next:2
2025-12-21 02:05:16 +09:00: basedir=$(dirname "$(echo "$0" | sed -e 's,\\,/,g')")
2025-12-21 02:05:16 +09:00:           ^^^^^^^
2025-12-21 02:05:16 +09:00: 
2025-12-21 02:05:16 +09:00: SyntaxError: missing ) after argument list
2025-12-21 02:05:16 +09:00:     at wrapSafe (node:internal/modules/cjs/loader:1692:18)
2025-12-21 02:05:16 +09:00:     at Module._compile (node:internal/modules/cjs/loader:1735:20)
2025-12-21 02:05:16 +09:00:     at Object..js (node:internal/modules/cjs/loader:1893:10)
2025-12-21 02:05:16 +09:00:     at Module.load (node:internal/modules/cjs/loader:1481:32)
2025-12-21 02:05:16 +09:00:     at Module._load (node:internal/modules/cjs/loader:1300:12)
2025-12-21 02:05:16 +09:00:     at Object.<anonymous> (C:\Users\Administrator\Documents\sunhawk_aws\node_modules\.pnpm\pm2@6.0.14\node_modules\pm2\lib\ProcessContainerFork.js:33:23)
2025-12-21 02:05:16 +09:00:     at Module._compile (node:internal/modules/cjs/loader:1761:14)
2025-12-21 02:05:16 +09:00:     at Object..js (node:internal/modules/cjs/loader:1893:10)
2025-12-21 02:05:16 +09:00:     at Module.load (node:internal/modules/cjs/loader:1481:32)
2025-12-21 02:05:16 +09:00:     at Module._load (node:internal/modules/cjs/loader:1300:12)
2025-12-21 02:05:17 +09:00: C:\Users\Administrator\Documents\sunhawk_aws\node_modules\.bin\next:2
2025-12-21 02:05:17 +09:00: basedir=$(dirname "$(echo "$0" | sed -e 's,\\,/,g')")
2025-12-21 02:05:17 +09:00:           ^^^^^^^
2025-12-21 02:05:17 +09:00: 
2025-12-21 02:05:17 +09:00: SyntaxError: missing ) after argument list
2025-12-21 02:05:17 +09:00:     at wrapSafe (node:internal/modules/cjs/loader:1692:18)
2025-12-21 02:05:17 +09:00:     at Module._compile (node:internal/modules/cjs/loader:1735:20)
2025-12-21 02:05:17 +09:00:     at Object..js (node:internal/modules/cjs/loader:1893:10)
2025-12-21 02:05:17 +09:00:     at Module.load (node:internal/modules/cjs/loader:1481:32)
2025-12-21 02:05:17 +09:00:     at Module._load (node:internal/modules/cjs/loader:1300:12)
2025-12-21 02:05:17 +09:00:     at Object.<anonymous> (C:\Users\Administrator\Documents\sunhawk_aws\node_modules\.pnpm\pm2@6.0.14\node_modules\pm2\lib\ProcessContainerFork.js:33:23)
2025-12-21 02:05:17 +09:00:     at Module._compile (node:internal/modules/cjs/loader:1761:14)
2025-12-21 02:05:17 +09:00:     at Object..js (node:internal/modules/cjs/loader:1893:10)
2025-12-21 02:05:17 +09:00:     at Module.load (node:internal/modules/cjs/loader:1481:32)
2025-12-21 02:05:17 +09:00:     at Module._load (node:internal/modules/cjs/loader:1300:12)
2025-12-21 02:05:17 +09:00: C:\Users\Administrator\Documents\sunhawk_aws\node_modules\.bin\next:2
2025-12-21 02:05:17 +09:00: basedir=$(dirname "$(echo "$0" | sed -e 's,\\,/,g')")
2025-12-21 02:05:17 +09:00:           ^^^^^^^
2025-12-21 02:05:17 +09:00: 
2025-12-21 02:05:17 +09:00: SyntaxError: missing ) after argument list
2025-12-21 02:05:17 +09:00:     at wrapSafe (node:internal/modules/cjs/loader:1692:18)
2025-12-21 02:05:17 +09:00:     at Module._compile (node:internal/modules/cjs/loader:1735:20)
2025-12-21 02:05:17 +09:00:     at Object..js (node:internal/modules/cjs/loader:1893:10)
2025-12-21 02:05:17 +09:00:     at Module.load (node:internal/modules/cjs/loader:1481:32)
2025-12-21 02:05:17 +09:00:     at Module._load (node:internal/modules/cjs/loader:1300:12)
2025-12-21 02:05:17 +09:00:     at Object.<anonymous> (C:\Users\Administrator\Documents\sunhawk_aws\node_modules\.pnpm\pm2@6.0.14\node_modules\pm2\lib\ProcessContainerFork.js:33:23)
2025-12-21 02:05:17 +09:00:     at Module._compile (node:internal/modules/cjs/loader:1761:14)
2025-12-21 02:05:17 +09:00:     at Object..js (node:internal/modules/cjs/loader:1893:10)
2025-12-21 02:05:17 +09:00:     at Module.load (node:internal/modules/cjs/loader:1481:32)
2025-12-21 02:05:17 +09:00:     at Module._load (node:internal/modules/cjs/loader:1300:12)
2025-12-21 02:05:18 +09:00: C:\Users\Administrator\Documents\sunhawk_aws\node_modules\.bin\next:2
2025-12-21 02:05:18 +09:00: basedir=$(dirname "$(echo "$0" | sed -e 's,\\,/,g')")
2025-12-21 02:05:18 +09:00:           ^^^^^^^
2025-12-21 02:05:18 +09:00: 
2025-12-21 02:05:18 +09:00: SyntaxError: missing ) after argument list
2025-12-21 02:05:18 +09:00:     at wrapSafe (node:internal/modules/cjs/loader:1692:18)
2025-12-21 02:05:18 +09:00:     at Module._compile (node:internal/modules/cjs/loader:1735:20)
2025-12-21 02:05:18 +09:00:     at Object..js (node:internal/modules/cjs/loader:1893:10)
2025-12-21 02:05:18 +09:00:     at Module.load (node:internal/modules/cjs/loader:1481:32)
2025-12-21 02:05:18 +09:00:     at Module._load (node:internal/modules/cjs/loader:1300:12)
2025-12-21 02:05:18 +09:00:     at Object.<anonymous> (C:\Users\Administrator\Documents\sunhawk_aws\node_modules\.pnpm\pm2@6.0.14\node_modules\pm2\lib\ProcessContainerFork.js:33:23)
2025-12-21 02:05:18 +09:00:     at Module._compile (node:internal/modules/cjs/loader:1761:14)
2025-12-21 02:05:18 +09:00:     at Object..js (node:internal/modules/cjs/loader:1893:10)
2025-12-21 02:05:18 +09:00:     at Module.load (node:internal/modules/cjs/loader:1481:32)
2025-12-21 02:05:18 +09:00:     at Module._load (node:internal/modules/cjs/loader:1300:12)
2025-12-21 02:05:18 +09:00: C:\Users\Administrator\Documents\sunhawk_aws\node_modules\.bin\next:2
2025-12-21 02:05:18 +09:00: basedir=$(dirname "$(echo "$0" | sed -e 's,\\,/,g')")
2025-12-21 02:05:18 +09:00:           ^^^^^^^
2025-12-21 02:05:18 +09:00: 
2025-12-21 02:05:18 +09:00: SyntaxError: missing ) after argument list
2025-12-21 02:05:18 +09:00:     at wrapSafe (node:internal/modules/cjs/loader:1692:18)
2025-12-21 02:05:18 +09:00:     at Module._compile (node:internal/modules/cjs/loader:1735:20)
2025-12-21 02:05:18 +09:00:     at Object..js (node:internal/modules/cjs/loader:1893:10)
2025-12-21 02:05:18 +09:00:     at Module.load (node:internal/modules/cjs/loader:1481:32)
2025-12-21 02:05:18 +09:00:     at Module._load (node:internal/modules/cjs/loader:1300:12)
2025-12-21 02:05:18 +09:00:     at Object.<anonymous> (C:\Users\Administrator\Documents\sunhawk_aws\node_modules\.pnpm\pm2@6.0.14\node_modules\pm2\lib\ProcessContainerFork.js:33:23)
2025-12-21 02:05:18 +09:00:     at Module._compile (node:internal/modules/cjs/loader:1761:14)
2025-12-21 02:05:18 +09:00:     at Object..js (node:internal/modules/cjs/loader:1893:10)
2025-12-21 02:05:18 +09:00:     at Module.load (node:internal/modules/cjs/loader:1481:32)
2025-12-21 02:05:18 +09:00:     at Module._load (node:internal/modules/cjs/loader:1300:12)
2025-12-21 02:05:19 +09:00: C:\Users\Administrator\Documents\sunhawk_aws\node_modules\.bin\next:2
2025-12-21 02:05:19 +09:00: basedir=$(dirname "$(echo "$0" | sed -e 's,\\,/,g')")
2025-12-21 02:05:19 +09:00:           ^^^^^^^
2025-12-21 02:05:19 +09:00: 
2025-12-21 02:05:19 +09:00: SyntaxError: missing ) after argument list
2025-12-21 02:05:19 +09:00:     at wrapSafe (node:internal/modules/cjs/loader:1692:18)
2025-12-21 02:05:19 +09:00:     at Module._compile (node:internal/modules/cjs/loader:1735:20)
2025-12-21 02:05:19 +09:00:     at Object..js (node:internal/modules/cjs/loader:1893:10)
2025-12-21 02:05:19 +09:00:     at Module.load (node:internal/modules/cjs/loader:1481:32)
2025-12-21 02:05:19 +09:00:     at Module._load (node:internal/modules/cjs/loader:1300:12)
2025-12-21 02:05:19 +09:00:     at Object.<anonymous> (C:\Users\Administrator\Documents\sunhawk_aws\node_modules\.pnpm\pm2@6.0.14\node_modules\pm2\lib\ProcessContainerFork.js:33:23)
2025-12-21 02:05:19 +09:00:     at Module._compile (node:internal/modules/cjs/loader:1761:14)
2025-12-21 02:05:19 +09:00:     at Object..js (node:internal/modules/cjs/loader:1893:10)
2025-12-21 02:05:19 +09:00:     at Module.load (node:internal/modules/cjs/loader:1481:32)
2025-12-21 02:05:19 +09:00:     at Module._load (node:internal/modules/cjs/loader:1300:12)
2025-12-21 02:05:19 +09:00: C:\Users\Administrator\Documents\sunhawk_aws\node_modules\.bin\next:2
2025-12-21 02:05:19 +09:00: basedir=$(dirname "$(echo "$0" | sed -e 's,\\,/,g')")
2025-12-21 02:05:19 +09:00:           ^^^^^^^
2025-12-21 02:05:19 +09:00: 
2025-12-21 02:05:19 +09:00: SyntaxError: missing ) after argument list
2025-12-21 02:05:19 +09:00:     at wrapSafe (node:internal/modules/cjs/loader:1692:18)
2025-12-21 02:05:19 +09:00:     at Module._compile (node:internal/modules/cjs/loader:1735:20)
2025-12-21 02:05:19 +09:00:     at Object..js (node:internal/modules/cjs/loader:1893:10)
2025-12-21 02:05:19 +09:00:     at Module.load (node:internal/modules/cjs/loader:1481:32)
2025-12-21 02:05:19 +09:00:     at Module._load (node:internal/modules/cjs/loader:1300:12)
2025-12-21 02:05:19 +09:00:     at Object.<anonymous> (C:\Users\Administrator\Documents\sunhawk_aws\node_modules\.pnpm\pm2@6.0.14\node_modules\pm2\lib\ProcessContainerFork.js:33:23)
2025-12-21 02:05:19 +09:00:     at Module._compile (node:internal/modules/cjs/loader:1761:14)
2025-12-21 02:05:19 +09:00:     at Object..js (node:internal/modules/cjs/loader:1893:10)
2025-12-21 02:05:19 +09:00:     at Module.load (node:internal/modules/cjs/loader:1481:32)
2025-12-21 02:05:19 +09:00:     at Module._load (node:internal/modules/cjs/loader:1300:12)
2025-12-21 02:05:20 +09:00: C:\Users\Administrator\Documents\sunhawk_aws\node_modules\.bin\next:2
2025-12-21 02:05:20 +09:00: basedir=$(dirname "$(echo "$0" | sed -e 's,\\,/,g')")
2025-12-21 02:05:20 +09:00:           ^^^^^^^
2025-12-21 02:05:20 +09:00: 
2025-12-21 02:05:20 +09:00: SyntaxError: missing ) after argument list
2025-12-21 02:05:20 +09:00:     at wrapSafe (node:internal/modules/cjs/loader:1692:18)
2025-12-21 02:05:20 +09:00:     at Module._compile (node:internal/modules/cjs/loader:1735:20)
2025-12-21 02:05:20 +09:00:     at Object..js (node:internal/modules/cjs/loader:1893:10)
2025-12-21 02:05:20 +09:00:     at Module.load (node:internal/modules/cjs/loader:1481:32)
2025-12-21 02:05:20 +09:00:     at Module._load (node:internal/modules/cjs/loader:1300:12)
2025-12-21 02:05:20 +09:00:     at Object.<anonymous> (C:\Users\Administrator\Documents\sunhawk_aws\node_modules\.pnpm\pm2@6.0.14\node_modules\pm2\lib\ProcessContainerFork.js:33:23)
2025-12-21 02:05:20 +09:00:     at Module._compile (node:internal/modules/cjs/loader:1761:14)
2025-12-21 02:05:20 +09:00:     at Object..js (node:internal/modules/cjs/loader:1893:10)
2025-12-21 02:05:20 +09:00:     at Module.load (node:internal/modules/cjs/loader:1481:32)
2025-12-21 02:05:20 +09:00:     at Module._load (node:internal/modules/cjs/loader:1300:12)
2025-12-21 02:05:20 +09:00: C:\Users\Administrator\Documents\sunhawk_aws\node_modules\.bin\next:2
2025-12-21 02:05:20 +09:00: basedir=$(dirname "$(echo "$0" | sed -e 's,\\,/,g')")
2025-12-21 02:05:20 +09:00:           ^^^^^^^
2025-12-21 02:05:20 +09:00: 
2025-12-21 02:05:20 +09:00: SyntaxError: missing ) after argument list
2025-12-21 02:05:20 +09:00:     at wrapSafe (node:internal/modules/cjs/loader:1692:18)
2025-12-21 02:05:20 +09:00:     at Module._compile (node:internal/modules/cjs/loader:1735:20)
2025-12-21 02:05:20 +09:00:     at Object..js (node:internal/modules/cjs/loader:1893:10)
2025-12-21 02:05:20 +09:00:     at Module.load (node:internal/modules/cjs/loader:1481:32)
2025-12-21 02:05:20 +09:00:     at Module._load (node:internal/modules/cjs/loader:1300:12)
2025-12-21 02:05:20 +09:00:     at Object.<anonymous> (C:\Users\Administrator\Documents\sunhawk_aws\node_modules\.pnpm\pm2@6.0.14\node_modules\pm2\lib\ProcessContainerFork.js:33:23)
2025-12-21 02:05:20 +09:00:     at Module._compile (node:internal/modules/cjs/loader:1761:14)
2025-12-21 02:05:20 +09:00:     at Object..js (node:internal/modules/cjs/loader:1893:10)
2025-12-21 02:05:20 +09:00:     at Module.load (node:internal/modules/cjs/loader:1481:32)
2025-12-21 02:05:20 +09:00:     at Module._load (node:internal/modules/cjs/loader:1300:12)
2025-12-21 02:05:21 +09:00: C:\Users\Administrator\Documents\sunhawk_aws\node_modules\.bin\next:2
2025-12-21 02:05:21 +09:00: basedir=$(dirname "$(echo "$0" | sed -e 's,\\,/,g')")
2025-12-21 02:05:21 +09:00:           ^^^^^^^
2025-12-21 02:05:21 +09:00: 
2025-12-21 02:05:21 +09:00: SyntaxError: missing ) after argument list
2025-12-21 02:05:21 +09:00:     at wrapSafe (node:internal/modules/cjs/loader:1692:18)
2025-12-21 02:05:21 +09:00:     at Module._compile (node:internal/modules/cjs/loader:1735:20)
2025-12-21 02:05:21 +09:00:     at Object..js (node:internal/modules/cjs/loader:1893:10)
2025-12-21 02:05:21 +09:00:     at Module.load (node:internal/modules/cjs/loader:1481:32)
2025-12-21 02:05:21 +09:00:     at Module._load (node:internal/modules/cjs/loader:1300:12)
2025-12-21 02:05:21 +09:00:     at Object.<anonymous> (C:\Users\Administrator\Documents\sunhawk_aws\node_modules\.pnpm\pm2@6.0.14\node_modules\pm2\lib\ProcessContainerFork.js:33:23)
2025-12-21 02:05:21 +09:00:     at Module._compile (node:internal/modules/cjs/loader:1761:14)
2025-12-21 02:05:21 +09:00:     at Object..js (node:internal/modules/cjs/loader:1893:10)
2025-12-21 02:05:21 +09:00:     at Module.load (node:internal/modules/cjs/loader:1481:32)
2025-12-21 02:05:21 +09:00:     at Module._load (node:internal/modules/cjs/loader:1300:12)
2025-12-21 02:05:21 +09:00: C:\Users\Administrator\Documents\sunhawk_aws\node_modules\.bin\next:2
2025-12-21 02:05:21 +09:00: basedir=$(dirname "$(echo "$0" | sed -e 's,\\,/,g')")
2025-12-21 02:05:21 +09:00:           ^^^^^^^
2025-12-21 02:05:21 +09:00: 
2025-12-21 02:05:21 +09:00: SyntaxError: missing ) after argument list
2025-12-21 02:05:21 +09:00:     at wrapSafe (node:internal/modules/cjs/loader:1692:18)
2025-12-21 02:05:21 +09:00:     at Module._compile (node:internal/modules/cjs/loader:1735:20)
2025-12-21 02:05:21 +09:00:     at Object..js (node:internal/modules/cjs/loader:1893:10)
2025-12-21 02:05:21 +09:00:     at Module.load (node:internal/modules/cjs/loader:1481:32)
2025-12-21 02:05:21 +09:00:     at Module._load (node:internal/modules/cjs/loader:1300:12)
2025-12-21 02:05:21 +09:00:     at Object.<anonymous> (C:\Users\Administrator\Documents\sunhawk_aws\node_modules\.pnpm\pm2@6.0.14\node_modules\pm2\lib\ProcessContainerFork.js:33:23)
2025-12-21 02:05:21 +09:00:     at Module._compile (node:internal/modules/cjs/loader:1761:14)
2025-12-21 02:05:21 +09:00:     at Object..js (node:internal/modules/cjs/loader:1893:10)
2025-12-21 02:05:21 +09:00:     at Module.load (node:internal/modules/cjs/loader:1481:32)
2025-12-21 02:05:21 +09:00:     at Module._load (node:internal/modules/cjs/loader:1300:12)
2025-12-21 02:05:21 +09:00: C:\Users\Administrator\Documents\sunhawk_aws\node_modules\.bin\next:2
2025-12-21 02:05:21 +09:00: basedir=$(dirname "$(echo "$0" | sed -e 's,\\,/,g')")
2025-12-21 02:05:21 +09:00:           ^^^^^^^
2025-12-21 02:05:21 +09:00: 
2025-12-21 02:05:21 +09:00: SyntaxError: missing ) after argument list
2025-12-21 02:05:21 +09:00:     at wrapSafe (node:internal/modules/cjs/loader:1692:18)
2025-12-21 02:05:21 +09:00:     at Module._compile (node:internal/modules/cjs/loader:1735:20)
2025-12-21 02:05:21 +09:00:     at Object..js (node:internal/modules/cjs/loader:1893:10)
2025-12-21 02:05:21 +09:00:     at Module.load (node:internal/modules/cjs/loader:1481:32)
2025-12-21 02:05:21 +09:00:     at Module._load (node:internal/modules/cjs/loader:1300:12)
2025-12-21 02:05:21 +09:00:     at Object.<anonymous> (C:\Users\Administrator\Documents\sunhawk_aws\node_modules\.pnpm\pm2@6.0.14\node_modules\pm2\lib\ProcessContainerFork.js:33:23)
2025-12-21 02:05:21 +09:00:     at Module._compile (node:internal/modules/cjs/loader:1761:14)
2025-12-21 02:05:21 +09:00:     at Object..js (node:internal/modules/cjs/loader:1893:10)
2025-12-21 02:05:21 +09:00:     at Module.load (node:internal/modules/cjs/loader:1481:32)
2025-12-21 02:05:21 +09:00:     at Module._load (node:internal/modules/cjs/loader:1300:12)
2025-12-21 02:05:39 +09:00: C:\Users\Administrator\Documents\sunhawk_aws\node_modules\.bin\next:2
2025-12-21 02:05:39 +09:00: basedir=$(dirname "$(echo "$0" | sed -e 's,\\,/,g')")
2025-12-21 02:05:39 +09:00:           ^^^^^^^
2025-12-21 02:05:39 +09:00: 
2025-12-21 02:05:39 +09:00: SyntaxError: missing ) after argument list
2025-12-21 02:05:39 +09:00:     at wrapSafe (node:internal/modules/cjs/loader:1692:18)
2025-12-21 02:05:39 +09:00:     at Module._compile (node:internal/modules/cjs/loader:1735:20)
2025-12-21 02:05:39 +09:00:     at Object..js (node:internal/modules/cjs/loader:1893:10)
2025-12-21 02:05:39 +09:00:     at Module.load (node:internal/modules/cjs/loader:1481:32)
2025-12-21 02:05:39 +09:00:     at Module._load (node:internal/modules/cjs/loader:1300:12)
2025-12-21 02:05:39 +09:00:     at Object.<anonymous> (C:\Users\Administrator\Documents\sunhawk_aws\node_modules\.pnpm\pm2@6.0.14\node_modules\pm2\lib\ProcessContainerFork.js:33:23)
2025-12-21 02:05:39 +09:00:     at Module._compile (node:internal/modules/cjs/loader:1761:14)
2025-12-21 02:05:39 +09:00:     at Object..js (node:internal/modules/cjs/loader:1893:10)
2025-12-21 02:05:39 +09:00:     at Module.load (node:internal/modules/cjs/loader:1481:32)
2025-12-21 02:05:39 +09:00:     at Module._load (node:internal/modules/cjs/loader:1300:12)
2025-12-21 02:05:40 +09:00: C:\Users\Administrator\Documents\sunhawk_aws\node_modules\.bin\next:2
2025-12-21 02:05:40 +09:00: basedir=$(dirname "$(echo "$0" | sed -e 's,\\,/,g')")
2025-12-21 02:05:40 +09:00:           ^^^^^^^
2025-12-21 02:05:40 +09:00: 
2025-12-21 02:05:40 +09:00: SyntaxError: missing ) after argument list
2025-12-21 02:05:40 +09:00:     at wrapSafe (node:internal/modules/cjs/loader:1692:18)
2025-12-21 02:05:40 +09:00:     at Module._compile (node:internal/modules/cjs/loader:1735:20)
2025-12-21 02:05:40 +09:00:     at Object..js (node:internal/modules/cjs/loader:1893:10)
2025-12-21 02:05:40 +09:00:     at Module.load (node:internal/modules/cjs/loader:1481:32)
2025-12-21 02:05:40 +09:00:     at Module._load (node:internal/modules/cjs/loader:1300:12)
2025-12-21 02:05:40 +09:00:     at Object.<anonymous> (C:\Users\Administrator\Documents\sunhawk_aws\node_modules\.pnpm\pm2@6.0.14\node_modules\pm2\lib\ProcessContainerFork.js:33:23)
2025-12-21 02:05:40 +09:00:     at Module._compile (node:internal/modules/cjs/loader:1761:14)
2025-12-21 02:05:40 +09:00:     at Object..js (node:internal/modules/cjs/loader:1893:10)
2025-12-21 02:05:40 +09:00:     at Module.load (node:internal/modules/cjs/loader:1481:32)
2025-12-21 02:05:40 +09:00:     at Module._load (node:internal/modules/cjs/loader:1300:12)
2025-12-21 02:05:40 +09:00: C:\Users\Administrator\Documents\sunhawk_aws\node_modules\.bin\next:2
2025-12-21 02:05:40 +09:00: basedir=$(dirname "$(echo "$0" | sed -e 's,\\,/,g')")
2025-12-21 02:05:40 +09:00:           ^^^^^^^
2025-12-21 02:05:40 +09:00: 
2025-12-21 02:05:40 +09:00: SyntaxError: missing ) after argument list
2025-12-21 02:05:40 +09:00:     at wrapSafe (node:internal/modules/cjs/loader:1692:18)
2025-12-21 02:05:40 +09:00:     at Module._compile (node:internal/modules/cjs/loader:1735:20)
2025-12-21 02:05:40 +09:00:     at Object..js (node:internal/modules/cjs/loader:1893:10)
2025-12-21 02:05:40 +09:00:     at Module.load (node:internal/modules/cjs/loader:1481:32)
2025-12-21 02:05:40 +09:00:     at Module._load (node:internal/modules/cjs/loader:1300:12)
2025-12-21 02:05:40 +09:00:     at Object.<anonymous> (C:\Users\Administrator\Documents\sunhawk_aws\node_modules\.pnpm\pm2@6.0.14\node_modules\pm2\lib\ProcessContainerFork.js:33:23)
2025-12-21 02:05:40 +09:00:     at Module._compile (node:internal/modules/cjs/loader:1761:14)
2025-12-21 02:05:40 +09:00:     at Object..js (node:internal/modules/cjs/loader:1893:10)
2025-12-21 02:05:40 +09:00:     at Module.load (node:internal/modules/cjs/loader:1481:32)
2025-12-21 02:05:40 +09:00:     at Module._load (node:internal/modules/cjs/loader:1300:12)
2025-12-21 02:05:41 +09:00: C:\Users\Administrator\Documents\sunhawk_aws\node_modules\.bin\next:2
2025-12-21 02:05:41 +09:00: basedir=$(dirname "$(echo "$0" | sed -e 's,\\,/,g')")
2025-12-21 02:05:41 +09:00:           ^^^^^^^
2025-12-21 02:05:41 +09:00: 
2025-12-21 02:05:41 +09:00: SyntaxError: missing ) after argument list
2025-12-21 02:05:41 +09:00:     at wrapSafe (node:internal/modules/cjs/loader:1692:18)
2025-12-21 02:05:41 +09:00:     at Module._compile (node:internal/modules/cjs/loader:1735:20)
2025-12-21 02:05:41 +09:00:     at Object..js (node:internal/modules/cjs/loader:1893:10)
2025-12-21 02:05:41 +09:00:     at Module.load (node:internal/modules/cjs/loader:1481:32)
2025-12-21 02:05:41 +09:00:     at Module._load (node:internal/modules/cjs/loader:1300:12)
2025-12-21 02:05:41 +09:00:     at Object.<anonymous> (C:\Users\Administrator\Documents\sunhawk_aws\node_modules\.pnpm\pm2@6.0.14\node_modules\pm2\lib\ProcessContainerFork.js:33:23)
2025-12-21 02:05:41 +09:00:     at Module._compile (node:internal/modules/cjs/loader:1761:14)
2025-12-21 02:05:41 +09:00:     at Object..js (node:internal/modules/cjs/loader:1893:10)
2025-12-21 02:05:41 +09:00:     at Module.load (node:internal/modules/cjs/loader:1481:32)
2025-12-21 02:05:41 +09:00:     at Module._load (node:internal/modules/cjs/loader:1300:12)
2025-12-21 02:05:41 +09:00: C:\Users\Administrator\Documents\sunhawk_aws\node_modules\.bin\next:2
2025-12-21 02:05:41 +09:00: basedir=$(dirname "$(echo "$0" | sed -e 's,\\,/,g')")
2025-12-21 02:05:41 +09:00:           ^^^^^^^
2025-12-21 02:05:41 +09:00: 
2025-12-21 02:05:41 +09:00: SyntaxError: missing ) after argument list
2025-12-21 02:05:41 +09:00:     at wrapSafe (node:internal/modules/cjs/loader:1692:18)
2025-12-21 02:05:41 +09:00:     at Module._compile (node:internal/modules/cjs/loader:1735:20)
2025-12-21 02:05:41 +09:00:     at Object..js (node:internal/modules/cjs/loader:1893:10)
2025-12-21 02:05:41 +09:00:     at Module.load (node:internal/modules/cjs/loader:1481:32)
2025-12-21 02:05:41 +09:00:     at Module._load (node:internal/modules/cjs/loader:1300:12)
2025-12-21 02:05:41 +09:00:     at Object.<anonymous> (C:\Users\Administrator\Documents\sunhawk_aws\node_modules\.pnpm\pm2@6.0.14\node_modules\pm2\lib\ProcessContainerFork.js:33:23)
2025-12-21 02:05:41 +09:00:     at Module._compile (node:internal/modules/cjs/loader:1761:14)
2025-12-21 02:05:41 +09:00:     at Object..js (node:internal/modules/cjs/loader:1893:10)
2025-12-21 02:05:41 +09:00:     at Module.load (node:internal/modules/cjs/loader:1481:32)
2025-12-21 02:05:41 +09:00:     at Module._load (node:internal/modules/cjs/loader:1300:12)
2025-12-21 02:05:42 +09:00: C:\Users\Administrator\Documents\sunhawk_aws\node_modules\.bin\next:2
2025-12-21 02:05:42 +09:00: basedir=$(dirname "$(echo "$0" | sed -e 's,\\,/,g')")
2025-12-21 02:05:42 +09:00:           ^^^^^^^
2025-12-21 02:05:42 +09:00: 
2025-12-21 02:05:42 +09:00: SyntaxError: missing ) after argument list
2025-12-21 02:05:42 +09:00:     at wrapSafe (node:internal/modules/cjs/loader:1692:18)
2025-12-21 02:05:42 +09:00:     at Module._compile (node:internal/modules/cjs/loader:1735:20)
2025-12-21 02:05:42 +09:00:     at Object..js (node:internal/modules/cjs/loader:1893:10)
2025-12-21 02:05:42 +09:00:     at Module.load (node:internal/modules/cjs/loader:1481:32)
2025-12-21 02:05:42 +09:00:     at Module._load (node:internal/modules/cjs/loader:1300:12)
2025-12-21 02:05:42 +09:00:     at Object.<anonymous> (C:\Users\Administrator\Documents\sunhawk_aws\node_modules\.pnpm\pm2@6.0.14\node_modules\pm2\lib\ProcessContainerFork.js:33:23)
2025-12-21 02:05:42 +09:00:     at Module._compile (node:internal/modules/cjs/loader:1761:14)
2025-12-21 02:05:42 +09:00:     at Object..js (node:internal/modules/cjs/loader:1893:10)
2025-12-21 02:05:42 +09:00:     at Module.load (node:internal/modules/cjs/loader:1481:32)
2025-12-21 02:05:42 +09:00:     at Module._load (node:internal/modules/cjs/loader:1300:12)
2025-12-21 02:05:42 +09:00: C:\Users\Administrator\Documents\sunhawk_aws\node_modules\.bin\next:2
2025-12-21 02:05:42 +09:00: basedir=$(dirname "$(echo "$0" | sed -e 's,\\,/,g')")
2025-12-21 02:05:42 +09:00:           ^^^^^^^
2025-12-21 02:05:42 +09:00: 
2025-12-21 02:05:42 +09:00: SyntaxError: missing ) after argument list
2025-12-21 02:05:42 +09:00:     at wrapSafe (node:internal/modules/cjs/loader:1692:18)
2025-12-21 02:05:42 +09:00:     at Module._compile (node:internal/modules/cjs/loader:1735:20)
2025-12-21 02:05:42 +09:00:     at Object..js (node:internal/modules/cjs/loader:1893:10)
2025-12-21 02:05:42 +09:00:     at Module.load (node:internal/modules/cjs/loader:1481:32)
2025-12-21 02:05:42 +09:00:     at Module._load (node:internal/modules/cjs/loader:1300:12)
2025-12-21 02:05:42 +09:00:     at Object.<anonymous> (C:\Users\Administrator\Documents\sunhawk_aws\node_modules\.pnpm\pm2@6.0.14\node_modules\pm2\lib\ProcessContainerFork.js:33:23)
2025-12-21 02:05:42 +09:00:     at Module._compile (node:internal/modules/cjs/loader:1761:14)
2025-12-21 02:05:42 +09:00:     at Object..js (node:internal/modules/cjs/loader:1893:10)
2025-12-21 02:05:42 +09:00:     at Module.load (node:internal/modules/cjs/loader:1481:32)
2025-12-21 02:05:42 +09:00:     at Module._load (node:internal/modules/cjs/loader:1300:12)
2025-12-21 02:05:43 +09:00: C:\Users\Administrator\Documents\sunhawk_aws\node_modules\.bin\next:2
2025-12-21 02:05:43 +09:00: basedir=$(dirname "$(echo "$0" | sed -e 's,\\,/,g')")
2025-12-21 02:05:43 +09:00:           ^^^^^^^
2025-12-21 02:05:43 +09:00: 
2025-12-21 02:05:43 +09:00: SyntaxError: missing ) after argument list
2025-12-21 02:05:43 +09:00:     at wrapSafe (node:internal/modules/cjs/loader:1692:18)
2025-12-21 02:05:43 +09:00:     at Module._compile (node:internal/modules/cjs/loader:1735:20)
2025-12-21 02:05:43 +09:00:     at Object..js (node:internal/modules/cjs/loader:1893:10)
2025-12-21 02:05:43 +09:00:     at Module.load (node:internal/modules/cjs/loader:1481:32)
2025-12-21 02:05:43 +09:00:     at Module._load (node:internal/modules/cjs/loader:1300:12)
2025-12-21 02:05:43 +09:00:     at Object.<anonymous> (C:\Users\Administrator\Documents\sunhawk_aws\node_modules\.pnpm\pm2@6.0.14\node_modules\pm2\lib\ProcessContainerFork.js:33:23)
2025-12-21 02:05:43 +09:00:     at Module._compile (node:internal/modules/cjs/loader:1761:14)
2025-12-21 02:05:43 +09:00:     at Object..js (node:internal/modules/cjs/loader:1893:10)
2025-12-21 02:05:43 +09:00:     at Module.load (node:internal/modules/cjs/loader:1481:32)
2025-12-21 02:05:43 +09:00:     at Module._load (node:internal/modules/cjs/loader:1300:12)
2025-12-21 02:05:43 +09:00: C:\Users\Administrator\Documents\sunhawk_aws\node_modules\.bin\next:2
2025-12-21 02:05:43 +09:00: basedir=$(dirname "$(echo "$0" | sed -e 's,\\,/,g')")
2025-12-21 02:05:43 +09:00:           ^^^^^^^
2025-12-21 02:05:43 +09:00: 
2025-12-21 02:05:43 +09:00: SyntaxError: missing ) after argument list
2025-12-21 02:05:43 +09:00:     at wrapSafe (node:internal/modules/cjs/loader:1692:18)
2025-12-21 02:05:43 +09:00:     at Module._compile (node:internal/modules/cjs/loader:1735:20)
2025-12-21 02:05:43 +09:00:     at Object..js (node:internal/modules/cjs/loader:1893:10)
2025-12-21 02:05:43 +09:00:     at Module.load (node:internal/modules/cjs/loader:1481:32)
2025-12-21 02:05:43 +09:00:     at Module._load (node:internal/modules/cjs/loader:1300:12)
2025-12-21 02:05:43 +09:00:     at Object.<anonymous> (C:\Users\Administrator\Documents\sunhawk_aws\node_modules\.pnpm\pm2@6.0.14\node_modules\pm2\lib\ProcessContainerFork.js:33:23)
2025-12-21 02:05:43 +09:00:     at Module._compile (node:internal/modules/cjs/loader:1761:14)
2025-12-21 02:05:43 +09:00:     at Object..js (node:internal/modules/cjs/loader:1893:10)
2025-12-21 02:05:43 +09:00:     at Module.load (node:internal/modules/cjs/loader:1481:32)
2025-12-21 02:05:43 +09:00:     at Module._load (node:internal/modules/cjs/loader:1300:12)
2025-12-21 02:05:43 +09:00: C:\Users\Administrator\Documents\sunhawk_aws\node_modules\.bin\next:2
2025-12-21 02:05:43 +09:00: basedir=$(dirname "$(echo "$0" | sed -e 's,\\,/,g')")
2025-12-21 02:05:43 +09:00:           ^^^^^^^
2025-12-21 02:05:43 +09:00: 
2025-12-21 02:05:43 +09:00: SyntaxError: missing ) after argument list
2025-12-21 02:05:43 +09:00:     at wrapSafe (node:internal/modules/cjs/loader:1692:18)
2025-12-21 02:05:43 +09:00:     at Module._compile (node:internal/modules/cjs/loader:1735:20)
2025-12-21 02:05:43 +09:00:     at Object..js (node:internal/modules/cjs/loader:1893:10)
2025-12-21 02:05:43 +09:00:     at Module.load (node:internal/modules/cjs/loader:1481:32)
2025-12-21 02:05:43 +09:00:     at Module._load (node:internal/modules/cjs/loader:1300:12)
2025-12-21 02:05:43 +09:00:     at Object.<anonymous> (C:\Users\Administrator\Documents\sunhawk_aws\node_modules\.pnpm\pm2@6.0.14\node_modules\pm2\lib\ProcessContainerFork.js:33:23)
2025-12-21 02:05:43 +09:00:     at Module._compile (node:internal/modules/cjs/loader:1761:14)
2025-12-21 02:05:43 +09:00:     at Object..js (node:internal/modules/cjs/loader:1893:10)
2025-12-21 02:05:43 +09:00:     at Module.load (node:internal/modules/cjs/loader:1481:32)
2025-12-21 02:05:43 +09:00:     at Module._load (node:internal/modules/cjs/loader:1300:12)
2025-12-21 02:05:44 +09:00: C:\Users\Administrator\Documents\sunhawk_aws\node_modules\.bin\next:2
2025-12-21 02:05:44 +09:00: basedir=$(dirname "$(echo "$0" | sed -e 's,\\,/,g')")
2025-12-21 02:05:44 +09:00:           ^^^^^^^
2025-12-21 02:05:44 +09:00: 
2025-12-21 02:05:44 +09:00: SyntaxError: missing ) after argument list
2025-12-21 02:05:44 +09:00:     at wrapSafe (node:internal/modules/cjs/loader:1692:18)
2025-12-21 02:05:44 +09:00:     at Module._compile (node:internal/modules/cjs/loader:1735:20)
2025-12-21 02:05:44 +09:00:     at Object..js (node:internal/modules/cjs/loader:1893:10)
2025-12-21 02:05:44 +09:00:     at Module.load (node:internal/modules/cjs/loader:1481:32)
2025-12-21 02:05:44 +09:00:     at Module._load (node:internal/modules/cjs/loader:1300:12)
2025-12-21 02:05:44 +09:00:     at Object.<anonymous> (C:\Users\Administrator\Documents\sunhawk_aws\node_modules\.pnpm\pm2@6.0.14\node_modules\pm2\lib\ProcessContainerFork.js:33:23)
2025-12-21 02:05:44 +09:00:     at Module._compile (node:internal/modules/cjs/loader:1761:14)
2025-12-21 02:05:44 +09:00:     at Object..js (node:internal/modules/cjs/loader:1893:10)
2025-12-21 02:05:44 +09:00:     at Module.load (node:internal/modules/cjs/loader:1481:32)
2025-12-21 02:05:44 +09:00:     at Module._load (node:internal/modules/cjs/loader:1300:12)
2025-12-21 02:05:44 +09:00: C:\Users\Administrator\Documents\sunhawk_aws\node_modules\.bin\next:2
2025-12-21 02:05:44 +09:00: basedir=$(dirname "$(echo "$0" | sed -e 's,\\,/,g')")
2025-12-21 02:05:44 +09:00:           ^^^^^^^
2025-12-21 02:05:44 +09:00: 
2025-12-21 02:05:44 +09:00: SyntaxError: missing ) after argument list
2025-12-21 02:05:44 +09:00:     at wrapSafe (node:internal/modules/cjs/loader:1692:18)
2025-12-21 02:05:44 +09:00:     at Module._compile (node:internal/modules/cjs/loader:1735:20)
2025-12-21 02:05:44 +09:00:     at Object..js (node:internal/modules/cjs/loader:1893:10)
2025-12-21 02:05:44 +09:00:     at Module.load (node:internal/modules/cjs/loader:1481:32)
2025-12-21 02:05:44 +09:00:     at Module._load (node:internal/modules/cjs/loader:1300:12)
2025-12-21 02:05:44 +09:00:     at Object.<anonymous> (C:\Users\Administrator\Documents\sunhawk_aws\node_modules\.pnpm\pm2@6.0.14\node_modules\pm2\lib\ProcessContainerFork.js:33:23)
2025-12-21 02:05:44 +09:00:     at Module._compile (node:internal/modules/cjs/loader:1761:14)
2025-12-21 02:05:44 +09:00:     at Object..js (node:internal/modules/cjs/loader:1893:10)
2025-12-21 02:05:44 +09:00:     at Module.load (node:internal/modules/cjs/loader:1481:32)
2025-12-21 02:05:44 +09:00:     at Module._load (node:internal/modules/cjs/loader:1300:12)
2025-12-21 02:05:45 +09:00: C:\Users\Administrator\Documents\sunhawk_aws\node_modules\.bin\next:2
2025-12-21 02:05:45 +09:00: basedir=$(dirname "$(echo "$0" | sed -e 's,\\,/,g')")
2025-12-21 02:05:45 +09:00:           ^^^^^^^
2025-12-21 02:05:45 +09:00: 
2025-12-21 02:05:45 +09:00: SyntaxError: missing ) after argument list
2025-12-21 02:05:45 +09:00:     at wrapSafe (node:internal/modules/cjs/loader:1692:18)
2025-12-21 02:05:45 +09:00:     at Module._compile (node:internal/modules/cjs/loader:1735:20)
2025-12-21 02:05:45 +09:00:     at Object..js (node:internal/modules/cjs/loader:1893:10)
2025-12-21 02:05:45 +09:00:     at Module.load (node:internal/modules/cjs/loader:1481:32)
2025-12-21 02:05:45 +09:00:     at Module._load (node:internal/modules/cjs/loader:1300:12)
2025-12-21 02:05:45 +09:00:     at Object.<anonymous> (C:\Users\Administrator\Documents\sunhawk_aws\node_modules\.pnpm\pm2@6.0.14\node_modules\pm2\lib\ProcessContainerFork.js:33:23)
2025-12-21 02:05:45 +09:00:     at Module._compile (node:internal/modules/cjs/loader:1761:14)
2025-12-21 02:05:45 +09:00:     at Object..js (node:internal/modules/cjs/loader:1893:10)
2025-12-21 02:05:45 +09:00:     at Module.load (node:internal/modules/cjs/loader:1481:32)
2025-12-21 02:05:45 +09:00:     at Module._load (node:internal/modules/cjs/loader:1300:12)
2025-12-21 02:05:45 +09:00: C:\Users\Administrator\Documents\sunhawk_aws\node_modules\.bin\next:2
2025-12-21 02:05:45 +09:00: basedir=$(dirname "$(echo "$0" | sed -e 's,\\,/,g')")
2025-12-21 02:05:45 +09:00:           ^^^^^^^
2025-12-21 02:05:45 +09:00: 
2025-12-21 02:05:45 +09:00: SyntaxError: missing ) after argument list
2025-12-21 02:05:45 +09:00:     at wrapSafe (node:internal/modules/cjs/loader:1692:18)
2025-12-21 02:05:45 +09:00:     at Module._compile (node:internal/modules/cjs/loader:1735:20)
2025-12-21 02:05:45 +09:00:     at Object..js (node:internal/modules/cjs/loader:1893:10)
2025-12-21 02:05:45 +09:00:     at Module.load (node:internal/modules/cjs/loader:1481:32)
2025-12-21 02:05:45 +09:00:     at Module._load (node:internal/modules/cjs/loader:1300:12)
2025-12-21 02:05:45 +09:00:     at Object.<anonymous> (C:\Users\Administrator\Documents\sunhawk_aws\node_modules\.pnpm\pm2@6.0.14\node_modules\pm2\lib\ProcessContainerFork.js:33:23)
2025-12-21 02:05:45 +09:00:     at Module._compile (node:internal/modules/cjs/loader:1761:14)
2025-12-21 02:05:45 +09:00:     at Object..js (node:internal/modules/cjs/loader:1893:10)
2025-12-21 02:05:45 +09:00:     at Module.load (node:internal/modules/cjs/loader:1481:32)
2025-12-21 02:05:45 +09:00:     at Module._load (node:internal/modules/cjs/loader:1300:12)
2025-12-21 02:05:46 +09:00: C:\Users\Administrator\Documents\sunhawk_aws\node_modules\.bin\next:2
2025-12-21 02:05:46 +09:00: basedir=$(dirname "$(echo "$0" | sed -e 's,\\,/,g')")
2025-12-21 02:05:46 +09:00:           ^^^^^^^
2025-12-21 02:05:46 +09:00: 
2025-12-21 02:05:46 +09:00: SyntaxError: missing ) after argument list
2025-12-21 02:05:46 +09:00:     at wrapSafe (node:internal/modules/cjs/loader:1692:18)
2025-12-21 02:05:46 +09:00:     at Module._compile (node:internal/modules/cjs/loader:1735:20)
2025-12-21 02:05:46 +09:00:     at Object..js (node:internal/modules/cjs/loader:1893:10)
2025-12-21 02:05:46 +09:00:     at Module.load (node:internal/modules/cjs/loader:1481:32)
2025-12-21 02:05:46 +09:00:     at Module._load (node:internal/modules/cjs/loader:1300:12)
2025-12-21 02:05:46 +09:00:     at Object.<anonymous> (C:\Users\Administrator\Documents\sunhawk_aws\node_modules\.pnpm\pm2@6.0.14\node_modules\pm2\lib\ProcessContainerFork.js:33:23)
2025-12-21 02:05:46 +09:00:     at Module._compile (node:internal/modules/cjs/loader:1761:14)
2025-12-21 02:05:46 +09:00:     at Object..js (node:internal/modules/cjs/loader:1893:10)
2025-12-21 02:05:46 +09:00:     at Module.load (node:internal/modules/cjs/loader:1481:32)
2025-12-21 02:05:46 +09:00:     at Module._load (node:internal/modules/cjs/loader:1300:12)
2025-12-21 02:05:46 +09:00: C:\Users\Administrator\Documents\sunhawk_aws\node_modules\.bin\next:2
2025-12-21 02:05:46 +09:00: basedir=$(dirname "$(echo "$0" | sed -e 's,\\,/,g')")
2025-12-21 02:05:46 +09:00:           ^^^^^^^
2025-12-21 02:05:46 +09:00: 
2025-12-21 02:05:46 +09:00: SyntaxError: missing ) after argument list
2025-12-21 02:05:46 +09:00:     at wrapSafe (node:internal/modules/cjs/loader:1692:18)
2025-12-21 02:05:46 +09:00:     at Module._compile (node:internal/modules/cjs/loader:1735:20)
2025-12-21 02:05:46 +09:00:     at Object..js (node:internal/modules/cjs/loader:1893:10)
2025-12-21 02:05:46 +09:00:     at Module.load (node:internal/modules/cjs/loader:1481:32)
2025-12-21 02:05:46 +09:00:     at Module._load (node:internal/modules/cjs/loader:1300:12)
2025-12-21 02:05:46 +09:00:     at Object.<anonymous> (C:\Users\Administrator\Documents\sunhawk_aws\node_modules\.pnpm\pm2@6.0.14\node_modules\pm2\lib\ProcessContainerFork.js:33:23)
2025-12-21 02:05:46 +09:00:     at Module._compile (node:internal/modules/cjs/loader:1761:14)
2025-12-21 02:05:46 +09:00:     at Object..js (node:internal/modules/cjs/loader:1893:10)
2025-12-21 02:05:46 +09:00:     at Module.load (node:internal/modules/cjs/loader:1481:32)
2025-12-21 02:05:46 +09:00:     at Module._load (node:internal/modules/cjs/loader:1300:12)
2025-12-21 02:14:52 +09:00: Environment variable warnings: [ 'JWT_SECRET should be at least 32 characters for better security' ]
2025-12-21 02:14:52 +09:00:   WARNING: JWT_SECRET is shorter than 32 characters. Consider using a stronger secret for better security.
2025-12-21 02:15:33 +09:00: Error: Failed to find Server Action "x". This request might be from an older or newer deployment.
2025-12-21 02:15:33 +09:00: Read more: https://nextjs.org/docs/messages/failed-to-find-server-action
2025-12-21 02:15:33 +09:00:     at async m (C:\Users\Administrator\Documents\sunhawk_aws\.next\server\app\page.js:1:43259)
2025-12-21 02:15:33 +09:00:     at async p (C:\Users\Administrator\Documents\sunhawk_aws\.next\server\app\page.js:2:1860)
2025-12-21 02:15:33 +09:00:     at async L (C:\Users\Administrator\Documents\sunhawk_aws\.next\server\app\page.js:2:6944)
2025-12-21 02:15:40 +09:00: Error: Failed to find Server Action "x". This request might be from an older or newer deployment.
2025-12-21 02:15:40 +09:00: Read more: https://nextjs.org/docs/messages/failed-to-find-server-action
2025-12-21 02:15:40 +09:00:     at async m (C:\Users\Administrator\Documents\sunhawk_aws\.next\server\app\page.js:1:43259)
2025-12-21 02:15:40 +09:00:     at async p (C:\Users\Administrator\Documents\sunhawk_aws\.next\server\app\page.js:2:1860)
2025-12-21 02:15:40 +09:00:     at async L (C:\Users\Administrator\Documents\sunhawk_aws\.next\server\app\page.js:2:6944)
2025-12-21 02:15:44 +09:00: Error: Failed to find Server Action "x". This request might be from an older or newer deployment.
2025-12-21 02:15:44 +09:00: Read more: https://nextjs.org/docs/messages/failed-to-find-server-action
2025-12-21 02:15:44 +09:00:     at async m (C:\Users\Administrator\Documents\sunhawk_aws\.next\server\app\page.js:1:43259)
2025-12-21 02:15:44 +09:00:     at async p (C:\Users\Administrator\Documents\sunhawk_aws\.next\server\app\page.js:2:1860)
2025-12-21 02:15:44 +09:00:     at async L (C:\Users\Administrator\Documents\sunhawk_aws\.next\server\app\page.js:2:6944)
2025-12-21 02:15:52 +09:00: Error: Failed to find Server Action "x". This request might be from an older or newer deployment.
2025-12-21 02:15:52 +09:00: Read more: https://nextjs.org/docs/messages/failed-to-find-server-action
2025-12-21 02:15:52 +09:00:     at async m (C:\Users\Administrator\Documents\sunhawk_aws\.next\server\app\page.js:1:43259)
2025-12-21 02:15:52 +09:00:     at async p (C:\Users\Administrator\Documents\sunhawk_aws\.next\server\app\page.js:2:1860)
2025-12-21 02:15:52 +09:00:     at async L (C:\Users\Administrator\Documents\sunhawk_aws\.next\server\app\page.js:2:6944)
2025-12-21 02:16:13 +09:00: Environment variable warnings: [ 'JWT_SECRET should be at least 32 characters for better security' ]
2025-12-21 02:16:13 +09:00:   WARNING: JWT_SECRET is shorter than 32 characters. Consider using a stronger secret for better security.
2025-12-21 02:16:16 +09:00: Error: Failed to find Server Action "x". This request might be from an older or newer deployment.
2025-12-21 02:16:16 +09:00: Read more: https://nextjs.org/docs/messages/failed-to-find-server-action
2025-12-21 02:16:16 +09:00:     at async m (C:\Users\Administrator\Documents\sunhawk_aws\.next\server\app\page.js:1:43259)
2025-12-21 02:16:16 +09:00:     at async p (C:\Users\Administrator\Documents\sunhawk_aws\.next\server\app\page.js:2:1860)
2025-12-21 02:16:16 +09:00:     at async L (C:\Users\Administrator\Documents\sunhawk_aws\.next\server\app\page.js:2:6944)
2025-12-21 02:16:17 +09:00: Error: Failed to find Server Action "x". This request might be from an older or newer deployment.
2025-12-21 02:16:17 +09:00: Read more: https://nextjs.org/docs/messages/failed-to-find-server-action
2025-12-21 02:16:17 +09:00:     at async m (C:\Users\Administrator\Documents\sunhawk_aws\.next\server\app\page.js:1:43259)
2025-12-21 02:16:17 +09:00:     at async p (C:\Users\Administrator\Documents\sunhawk_aws\.next\server\app\page.js:2:1860)
2025-12-21 02:16:17 +09:00:     at async L (C:\Users\Administrator\Documents\sunhawk_aws\.next\server\app\page.js:2:6944)
2025-12-21 02:16:23 +09:00: Error: Failed to find Server Action "x". This request might be from an older or newer deployment.
2025-12-21 02:16:23 +09:00: Read more: https://nextjs.org/docs/messages/failed-to-find-server-action
2025-12-21 02:16:23 +09:00:     at async m (C:\Users\Administrator\Documents\sunhawk_aws\.next\server\app\page.js:1:43259)
2025-12-21 02:16:23 +09:00:     at async p (C:\Users\Administrator\Documents\sunhawk_aws\.next\server\app\page.js:2:1860)
2025-12-21 02:16:23 +09:00:     at async L (C:\Users\Administrator\Documents\sunhawk_aws\.next\server\app\page.js:2:6944)
2025-12-21 02:18:24 +09:00: Environment variable warnings: [ 'JWT_SECRET should be at least 32 characters for better security' ]
2025-12-21 02:18:24 +09:00:   WARNING: JWT_SECRET is shorter than 32 characters. Consider using a stronger secret for better security.
2025-12-21 02:30:31 +09:00: Environment variable warnings: [ 'JWT_SECRET should be at least 32 characters for better security' ]
2025-12-21 02:30:31 +09:00:   WARNING: JWT_SECRET is shorter than 32 characters. Consider using a stronger secret for better security.
2025-12-21 02:31:31 +09:00: Environment variable warnings: [ 'JWT_SECRET should be at least 32 characters for better security' ]
2025-12-21 02:31:31 +09:00:   WARNING: JWT_SECRET is shorter than 32 characters. Consider using a stronger secret for better security.
2025-12-21 02:35:05 +09:00: Environment variable warnings: [ 'JWT_SECRET should be at least 32 characters for better security' ]
2025-12-21 02:35:05 +09:00:   WARNING: JWT_SECRET is shorter than 32 characters. Consider using a stronger secret for better security.
2025-12-21 02:36:15 +09:00: Environment variable warnings: [ 'JWT_SECRET should be at least 32 characters for better security' ]
2025-12-21 02:36:16 +09:00:   WARNING: JWT_SECRET is shorter than 32 characters. Consider using a stronger secret for better security.
-- 00:47:44 +00:00: Rate limit check error: error: syntax error at or near "$2"
-- 00:47:44 +00:00:     at async h (.next/server/chunks/3011.js:1:4255)
-- 00:47:44 +00:00:     at async g (.next/server/app/api/auth/login/route.js:8:15561)
-- 00:47:44 +00:00:     at async p (.next/server/app/api/auth/login/route.js:1:4637)
-- 00:47:44 +00:00:     at async k (.next/server/app/api/auth/login/route.js:8:12262)
-- 00:47:44 +00:00:     at async g (.next/server/app/api/auth/login/route.js:8:13265) {
-- 00:47:44 +00:00:   length: 92,
-- 00:47:44 +00:00:   severity: 'ERROR',
-- 00:47:44 +00:00:   code: '42601',
-- 00:47:44 +00:00:   detail: undefined,
-- 00:47:44 +00:00:   hint: undefined,
-- 00:47:44 +00:00:   position: '150',
-- 00:47:44 +00:00:   internalPosition: undefined,
-- 00:47:44 +00:00:   internalQuery: undefined,
-- 00:47:44 +00:00:   where: undefined,
-- 00:47:44 +00:00:   schema: undefined,
-- 00:47:44 +00:00:   table: undefined,
-- 00:47:44 +00:00:   column: undefined,
-- 00:47:44 +00:00:   dataType: undefined,
-- 00:47:44 +00:00:   constraint: undefined,
-- 00:47:44 +00:00:   file: 'scan.l',
-- 00:47:44 +00:00:   line: '1244',
-- 00:47:44 +00:00:   routine: 'scanner_yyerror'
-- 00:47:44 +00:00: }
-- 00:48:32 +00:00: Rate limit check error: error: syntax error at or near "$2"
-- 00:48:32 +00:00:     at async h (.next/server/chunks/3011.js:1:4255)
-- 00:48:32 +00:00:     at async g (.next/server/app/api/auth/login/route.js:8:15561)
-- 00:48:32 +00:00:     at async p (.next/server/app/api/auth/login/route.js:1:4637)
-- 00:48:32 +00:00:     at async k (.next/server/app/api/auth/login/route.js:8:12262)
-- 00:48:32 +00:00:     at async g (.next/server/app/api/auth/login/route.js:8:13265) {
-- 00:48:32 +00:00:   length: 92,
-- 00:48:32 +00:00:   severity: 'ERROR',
-- 00:48:32 +00:00:   code: '42601',
-- 00:48:32 +00:00:   detail: undefined,
-- 00:48:32 +00:00:   hint: undefined,
-- 00:48:32 +00:00:   position: '150',
-- 00:48:32 +00:00:   internalPosition: undefined,
-- 00:48:32 +00:00:   internalQuery: undefined,
-- 00:48:32 +00:00:   where: undefined,
-- 00:48:32 +00:00:   schema: undefined,
-- 00:48:32 +00:00:   table: undefined,
-- 00:48:32 +00:00:   column: undefined,
-- 00:48:32 +00:00:   dataType: undefined,
-- 00:48:32 +00:00:   constraint: undefined,
-- 00:48:32 +00:00:   file: 'scan.l',
-- 00:48:32 +00:00:   line: '1244',
-- 00:48:32 +00:00:   routine: 'scanner_yyerror'
-- 00:48:32 +00:00: }
-- 00:51:26 +00:00: Error: Failed to find Server Action "x". This request might be from an older or newer deployment.
-- 00:51:26 +00:00: Read more: https://nextjs.org/docs/messages/failed-to-find-server-action
-- 00:51:26 +00:00:     at async m (.next/server/app/page.js:1:45740)
-- 00:51:26 +00:00:     at async p (.next/server/app/page.js:2:1860)
-- 00:51:26 +00:00:     at async L (.next/server/app/page.js:2:6944)
-- 01:02:35 +00:00: Rate limit check error: error: syntax error at or near "$2"
-- 01:02:35 +00:00:     at async h (.next/server/chunks/3011.js:1:4255)
-- 01:02:35 +00:00:     at async g (.next/server/app/api/auth/login/route.js:8:15561)
-- 01:02:35 +00:00:     at async p (.next/server/app/api/auth/login/route.js:1:4637)
-- 01:02:35 +00:00:     at async k (.next/server/app/api/auth/login/route.js:8:12262)
-- 01:02:35 +00:00:     at async g (.next/server/app/api/auth/login/route.js:8:13265) {
-- 01:02:35 +00:00:   length: 92,
-- 01:02:35 +00:00:   severity: 'ERROR',
-- 01:02:35 +00:00:   code: '42601',
-- 01:02:35 +00:00:   detail: undefined,
-- 01:02:35 +00:00:   hint: undefined,
-- 01:02:35 +00:00:   position: '150',
-- 01:02:35 +00:00:   internalPosition: undefined,
-- 01:02:35 +00:00:   internalQuery: undefined,
-- 01:02:35 +00:00:   where: undefined,
-- 01:02:35 +00:00:   schema: undefined,
-- 01:02:35 +00:00:   table: undefined,
-- 01:02:35 +00:00:   column: undefined,
-- 01:02:35 +00:00:   dataType: undefined,
-- 01:02:35 +00:00:   constraint: undefined,
-- 01:02:35 +00:00:   file: 'scan.l',
-- 01:02:35 +00:00:   line: '1244',
-- 01:02:35 +00:00:   routine: 'scanner_yyerror'
-- 01:02:35 +00:00: }
-- 02:43:36 +00:00: Error: Failed to find Server Action "x". This request might be from an older or newer deployment.
-- 02:43:36 +00:00: Read more: https://nextjs.org/docs/messages/failed-to-find-server-action
-- 02:43:36 +00:00:     at async m (.next/server/app/page.js:1:45740)
-- 02:43:36 +00:00:     at async p (.next/server/app/page.js:2:1860)
-- 02:43:36 +00:00:     at async L (.next/server/app/page.js:2:6944)
-- 02:43:36 +00:00: Error: Failed to find Server Action "x". This request might be from an older or newer deployment.
-- 02:43:36 +00:00: Read more: https://nextjs.org/docs/messages/failed-to-find-server-action
-- 02:43:36 +00:00:     at async m (.next/server/app/page.js:1:45740)
-- 02:43:36 +00:00:     at async p (.next/server/app/page.js:2:1860)
-- 02:43:36 +00:00:     at async L (.next/server/app/page.js:2:6944)
-- 03:16:20 +00:00: Dashboard layout auth check error: Error: NEXT_REDIRECT
-- 03:16:20 +00:00:     at g (.next/server/chunks/9234.js:1:1173)
-- 03:16:20 +00:00:     at h (.next/server/chunks/9234.js:1:1466)
-- 03:16:20 +00:00:     at k (.next/server/app/dashboard/page.js:6:112014) {
-- 03:16:20 +00:00:   digest: 'NEXT_REDIRECT;replace;/employee-portal;307;'
-- 03:16:20 +00:00: }
-- 03:16:49 +00:00: Rate limit check error: error: syntax error at or near "$2"
-- 03:16:49 +00:00:     at async h (.next/server/chunks/3011.js:1:4255)
-- 03:16:49 +00:00:     at async g (.next/server/app/api/auth/login/route.js:8:15561)
-- 03:16:49 +00:00:     at async p (.next/server/app/api/auth/login/route.js:1:4637)
-- 03:16:49 +00:00:     at async k (.next/server/app/api/auth/login/route.js:8:12262)
-- 03:16:49 +00:00:     at async g (.next/server/app/api/auth/login/route.js:8:13265) {
-- 03:16:49 +00:00:   length: 92,
-- 03:16:49 +00:00:   severity: 'ERROR',
-- 03:16:49 +00:00:   code: '42601',
-- 03:16:49 +00:00:   detail: undefined,
-- 03:16:49 +00:00:   hint: undefined,
-- 03:16:49 +00:00:   position: '150',
-- 03:16:49 +00:00:   internalPosition: undefined,
-- 03:16:49 +00:00:   internalQuery: undefined,
-- 03:16:49 +00:00:   where: undefined,
-- 03:16:49 +00:00:   schema: undefined,
-- 03:16:49 +00:00:   table: undefined,
-- 03:16:49 +00:00:   column: undefined,
-- 03:16:49 +00:00:   dataType: undefined,
-- 03:16:49 +00:00:   constraint: undefined,
-- 03:16:49 +00:00:   file: 'scan.l',
-- 03:16:49 +00:00:   line: '1244',
-- 03:16:49 +00:00:   routine: 'scanner_yyerror'
-- 03:16:49 +00:00: }
-- 06:28:48 +00:00: Error: Failed to find Server Action "x". This request might be from an older or newer deployment.
-- 06:28:48 +00:00: Read more: https://nextjs.org/docs/messages/failed-to-find-server-action
-- 06:28:48 +00:00:     at async m (.next/server/app/page.js:1:45740)
-- 06:28:48 +00:00:     at async p (.next/server/app/page.js:2:1860)
-- 06:28:48 +00:00:     at async L (.next/server/app/page.js:2:6944)
-- 06:28:49 +00:00: Error: Failed to find Server Action "x". This request might be from an older or newer deployment.
-- 06:28:49 +00:00: Read more: https://nextjs.org/docs/messages/failed-to-find-server-action
-- 06:28:49 +00:00:     at async m (.next/server/app/page.js:1:45740)
-- 06:28:49 +00:00:     at async p (.next/server/app/page.js:2:1860)
-- 06:28:49 +00:00:     at async L (.next/server/app/page.js:2:6944)
-- 06:44:29 +00:00: Error: Failed to find Server Action "x". This request might be from an older or newer deployment.
-- 06:44:29 +00:00: Read more: https://nextjs.org/docs/messages/failed-to-find-server-action
-- 06:44:29 +00:00:     at async m (.next/server/app/page.js:1:45740)
-- 06:44:29 +00:00:     at async p (.next/server/app/page.js:2:1860)
-- 06:44:29 +00:00:     at async L (.next/server/app/page.js:2:6944)
-- 06:44:30 +00:00: Error: Failed to find Server Action "x". This request might be from an older or newer deployment.
-- 06:44:30 +00:00: Read more: https://nextjs.org/docs/messages/failed-to-find-server-action
-- 06:44:30 +00:00:     at async m (.next/server/app/page.js:1:45740)
-- 06:44:30 +00:00:     at async p (.next/server/app/page.js:2:1860)
-- 06:44:30 +00:00:     at async L (.next/server/app/page.js:2:6944)
-- 06:59:44 +00:00: Error: Failed to find Server Action "x". This request might be from an older or newer deployment.
-- 06:59:44 +00:00: Read more: https://nextjs.org/docs/messages/failed-to-find-server-action
-- 06:59:44 +00:00:     at async m (.next/server/app/page.js:1:45740)
-- 06:59:44 +00:00:     at async p (.next/server/app/page.js:2:1860)
-- 06:59:44 +00:00:     at async L (.next/server/app/page.js:2:6944)
-- 06:59:45 +00:00: Error: Failed to find Server Action "x". This request might be from an older or newer deployment.
-- 06:59:45 +00:00: Read more: https://nextjs.org/docs/messages/failed-to-find-server-action
-- 06:59:45 +00:00:     at async m (.next/server/app/page.js:1:45740)
-- 06:59:45 +00:00:     at async p (.next/server/app/page.js:2:1860)
-- 06:59:45 +00:00:     at async L (.next/server/app/page.js:2:6944)
-- 08:02:13 +00:00: Rate limit check error: error: syntax error at or near "$2"
-- 08:02:13 +00:00:     at async h (.next/server/chunks/3011.js:1:4255)
-- 08:02:13 +00:00:     at async g (.next/server/app/api/auth/login/route.js:8:15561)
-- 08:02:13 +00:00:     at async p (.next/server/app/api/auth/login/route.js:1:4637)
-- 08:02:13 +00:00:     at async k (.next/server/app/api/auth/login/route.js:8:12262)
-- 08:02:13 +00:00:     at async g (.next/server/app/api/auth/login/route.js:8:13265) {
-- 08:02:13 +00:00:   length: 92,
-- 08:02:13 +00:00:   severity: 'ERROR',
-- 08:02:13 +00:00:   code: '42601',
-- 08:02:13 +00:00:   detail: undefined,
-- 08:02:13 +00:00:   hint: undefined,
-- 08:02:13 +00:00:   position: '150',
-- 08:02:13 +00:00:   internalPosition: undefined,
-- 08:02:13 +00:00:   internalQuery: undefined,
-- 08:02:13 +00:00:   where: undefined,
-- 08:02:13 +00:00:   schema: undefined,
-- 08:02:13 +00:00:   table: undefined,
-- 08:02:13 +00:00:   column: undefined,
-- 08:02:13 +00:00:   dataType: undefined,
-- 08:02:13 +00:00:   constraint: undefined,
-- 08:02:13 +00:00:   file: 'scan.l',
-- 08:02:13 +00:00:   line: '1244',
-- 08:02:13 +00:00:   routine: 'scanner_yyerror'
-- 08:02:13 +00:00: }
-- 08:02:23 +00:00: Rate limit check error: error: syntax error at or near "$2"
-- 08:02:23 +00:00:     at async h (.next/server/chunks/3011.js:1:4255)
-- 08:02:23 +00:00:     at async g (.next/server/app/api/auth/login/route.js:8:15561)
-- 08:02:23 +00:00:     at async p (.next/server/app/api/auth/login/route.js:1:4637)
-- 08:02:23 +00:00:     at async k (.next/server/app/api/auth/login/route.js:8:12262)
-- 08:02:23 +00:00:     at async g (.next/server/app/api/auth/login/route.js:8:13265) {
-- 08:02:23 +00:00:   length: 92,
-- 08:02:23 +00:00:   severity: 'ERROR',
-- 08:02:23 +00:00:   code: '42601',
-- 08:02:23 +00:00:   detail: undefined,
-- 08:02:23 +00:00:   hint: undefined,
-- 08:02:23 +00:00:   position: '150',
-- 08:02:23 +00:00:   internalPosition: undefined,
-- 08:02:23 +00:00:   internalQuery: undefined,
-- 08:02:23 +00:00:   where: undefined,
-- 08:02:23 +00:00:   schema: undefined,
-- 08:02:23 +00:00:   table: undefined,
-- 08:02:23 +00:00:   column: undefined,
-- 08:02:23 +00:00:   dataType: undefined,
-- 08:02:23 +00:00:   constraint: undefined,
-- 08:02:23 +00:00:   file: 'scan.l',
-- 08:02:23 +00:00:   line: '1244',
-- 08:02:23 +00:00:   routine: 'scanner_yyerror'
-- 08:02:23 +00:00: }
-- 08:02:31 +00:00: Rate limit check error: error: syntax error at or near "$2"
-- 08:02:31 +00:00:     at async h (.next/server/chunks/3011.js:1:4255)
-- 08:02:31 +00:00:     at async g (.next/server/app/api/auth/login/route.js:8:15561)
-- 08:02:31 +00:00:     at async p (.next/server/app/api/auth/login/route.js:1:4637)
-- 08:02:31 +00:00:     at async k (.next/server/app/api/auth/login/route.js:8:12262)
-- 08:02:31 +00:00:     at async g (.next/server/app/api/auth/login/route.js:8:13265) {
-- 08:02:31 +00:00:   length: 92,
-- 08:02:31 +00:00:   severity: 'ERROR',
-- 08:02:31 +00:00:   code: '42601',
-- 08:02:31 +00:00:   detail: undefined,
-- 08:02:31 +00:00:   hint: undefined,
-- 08:02:31 +00:00:   position: '150',
-- 08:02:31 +00:00:   internalPosition: undefined,
-- 08:02:31 +00:00:   internalQuery: undefined,
-- 08:02:31 +00:00:   where: undefined,
-- 08:02:31 +00:00:   schema: undefined,
-- 08:02:31 +00:00:   table: undefined,
-- 08:02:31 +00:00:   column: undefined,
-- 08:02:31 +00:00:   dataType: undefined,
-- 08:02:31 +00:00:   constraint: undefined,
-- 08:02:31 +00:00:   file: 'scan.l',
-- 08:02:31 +00:00:   line: '1244',
-- 08:02:31 +00:00:   routine: 'scanner_yyerror'
-- 08:02:31 +00:00: }
-- 08:02:40 +00:00: Rate limit check error: error: syntax error at or near "$2"
-- 08:02:40 +00:00:     at async h (.next/server/chunks/3011.js:1:4255)
-- 08:02:40 +00:00:     at async g (.next/server/app/api/auth/login/route.js:8:15561)
-- 08:02:40 +00:00:     at async p (.next/server/app/api/auth/login/route.js:1:4637)
-- 08:02:40 +00:00:     at async k (.next/server/app/api/auth/login/route.js:8:12262)
-- 08:02:40 +00:00:     at async g (.next/server/app/api/auth/login/route.js:8:13265) {
-- 08:02:40 +00:00:   length: 92,
-- 08:02:40 +00:00:   severity: 'ERROR',
-- 08:02:40 +00:00:   code: '42601',
-- 08:02:40 +00:00:   detail: undefined,
-- 08:02:40 +00:00:   hint: undefined,
-- 08:02:40 +00:00:   position: '150',
-- 08:02:40 +00:00:   internalPosition: undefined,
-- 08:02:40 +00:00:   internalQuery: undefined,
-- 08:02:40 +00:00:   where: undefined,
-- 08:02:40 +00:00:   schema: undefined,
-- 08:02:40 +00:00:   table: undefined,
-- 08:02:40 +00:00:   column: undefined,
-- 08:02:40 +00:00:   dataType: undefined,
-- 08:02:40 +00:00:   constraint: undefined,
-- 08:02:40 +00:00:   file: 'scan.l',
-- 08:02:40 +00:00:   line: '1244',
-- 08:02:40 +00:00:   routine: 'scanner_yyerror'
-- 08:02:40 +00:00: }
-- 08:03:07 +00:00: Rate limit check error: error: syntax error at or near "$2"
-- 08:03:07 +00:00:     at async h (.next/server/chunks/3011.js:1:4255)
-- 08:03:07 +00:00:     at async g (.next/server/app/api/auth/login/route.js:8:15561)
-- 08:03:07 +00:00:     at async p (.next/server/app/api/auth/login/route.js:1:4637)
-- 08:03:07 +00:00:     at async k (.next/server/app/api/auth/login/route.js:8:12262)
-- 08:03:07 +00:00:     at async g (.next/server/app/api/auth/login/route.js:8:13265) {
-- 08:03:07 +00:00:   length: 92,
-- 08:03:07 +00:00:   severity: 'ERROR',
-- 08:03:07 +00:00:   code: '42601',
-- 08:03:07 +00:00:   detail: undefined,
-- 08:03:07 +00:00:   hint: undefined,
-- 08:03:07 +00:00:   position: '150',
-- 08:03:07 +00:00:   internalPosition: undefined,
-- 08:03:07 +00:00:   internalQuery: undefined,
-- 08:03:07 +00:00:   where: undefined,
-- 08:03:07 +00:00:   schema: undefined,
-- 08:03:07 +00:00:   table: undefined,
-- 08:03:07 +00:00:   column: undefined,
-- 08:03:07 +00:00:   dataType: undefined,
-- 08:03:07 +00:00:   constraint: undefined,
-- 08:03:07 +00:00:   file: 'scan.l',
-- 08:03:07 +00:00:   line: '1244',
-- 08:03:07 +00:00:   routine: 'scanner_yyerror'
-- 08:03:07 +00:00: }
-- 08:12:53 +00:00: Rate limit check error: error: syntax error at or near "$2"
-- 08:12:53 +00:00:     at async h (.next/server/chunks/3011.js:1:4255)
-- 08:12:53 +00:00:     at async g (.next/server/app/api/auth/login/route.js:8:15561)
-- 08:12:53 +00:00:     at async p (.next/server/app/api/auth/login/route.js:1:4637)
-- 08:12:53 +00:00:     at async k (.next/server/app/api/auth/login/route.js:8:12262)
-- 08:12:53 +00:00:     at async g (.next/server/app/api/auth/login/route.js:8:13265) {
-- 08:12:53 +00:00:   length: 92,
-- 08:12:53 +00:00:   severity: 'ERROR',
-- 08:12:53 +00:00:   code: '42601',
-- 08:12:53 +00:00:   detail: undefined,
-- 08:12:53 +00:00:   hint: undefined,
-- 08:12:53 +00:00:   position: '150',
-- 08:12:53 +00:00:   internalPosition: undefined,
-- 08:12:53 +00:00:   internalQuery: undefined,
-- 08:12:53 +00:00:   where: undefined,
-- 08:12:53 +00:00:   schema: undefined,
-- 08:12:53 +00:00:   table: undefined,
-- 08:12:53 +00:00:   column: undefined,
-- 08:12:53 +00:00:   dataType: undefined,
-- 08:12:53 +00:00:   constraint: undefined,
-- 08:12:53 +00:00:   file: 'scan.l',
-- 08:12:53 +00:00:   line: '1244',
-- 08:12:53 +00:00:   routine: 'scanner_yyerror'
-- 08:12:53 +00:00: }
-- 08:12:56 +00:00: Rate limit check error: error: syntax error at or near "$2"
-- 08:12:56 +00:00:     at async h (.next/server/chunks/3011.js:1:4255)
-- 08:12:56 +00:00:     at async g (.next/server/app/api/auth/login/route.js:8:15561)
-- 08:12:56 +00:00:     at async p (.next/server/app/api/auth/login/route.js:1:4637)
-- 08:12:56 +00:00:     at async k (.next/server/app/api/auth/login/route.js:8:12262)
-- 08:12:56 +00:00:     at async g (.next/server/app/api/auth/login/route.js:8:13265) {
-- 08:12:56 +00:00:   length: 92,
-- 08:12:56 +00:00:   severity: 'ERROR',
-- 08:12:56 +00:00:   code: '42601',
-- 08:12:56 +00:00:   detail: undefined,
-- 08:12:56 +00:00:   hint: undefined,
-- 08:12:56 +00:00:   position: '150',
-- 08:12:56 +00:00:   internalPosition: undefined,
-- 08:12:56 +00:00:   internalQuery: undefined,
-- 08:12:56 +00:00:   where: undefined,
-- 08:12:56 +00:00:   schema: undefined,
-- 08:12:56 +00:00:   table: undefined,
-- 08:12:56 +00:00:   column: undefined,
-- 08:12:56 +00:00:   dataType: undefined,
-- 08:12:56 +00:00:   constraint: undefined,
-- 08:12:56 +00:00:   file: 'scan.l',
-- 08:12:56 +00:00:   line: '1244',
-- 08:12:56 +00:00:   routine: 'scanner_yyerror'
-- 08:12:56 +00:00: }
-- 08:13:39 +00:00: Rate limit check error: error: syntax error at or near "$2"
-- 08:13:39 +00:00:     at async h (.next/server/chunks/3011.js:1:4255)
-- 08:13:39 +00:00:     at async g (.next/server/app/api/auth/login/route.js:8:15561)
-- 08:13:39 +00:00:     at async p (.next/server/app/api/auth/login/route.js:1:4637)
-- 08:13:39 +00:00:     at async k (.next/server/app/api/auth/login/route.js:8:12262)
-- 08:13:39 +00:00:     at async g (.next/server/app/api/auth/login/route.js:8:13265) {
-- 08:13:39 +00:00:   length: 92,
-- 08:13:39 +00:00:   severity: 'ERROR',
-- 08:13:39 +00:00:   code: '42601',
-- 08:13:39 +00:00:   detail: undefined,
-- 08:13:39 +00:00:   hint: undefined,
-- 08:13:39 +00:00:   position: '150',
-- 08:13:39 +00:00:   internalPosition: undefined,
-- 08:13:39 +00:00:   internalQuery: undefined,
-- 08:13:39 +00:00:   where: undefined,
-- 08:13:39 +00:00:   schema: undefined,
-- 08:13:39 +00:00:   table: undefined,
-- 08:13:39 +00:00:   column: undefined,
-- 08:13:39 +00:00:   dataType: undefined,
-- 08:13:39 +00:00:   constraint: undefined,
-- 08:13:39 +00:00:   file: 'scan.l',
-- 08:13:39 +00:00:   line: '1244',
-- 08:13:39 +00:00:   routine: 'scanner_yyerror'
-- 08:13:39 +00:00: }
-- 08:13:52 +00:00: Rate limit check error: error: syntax error at or near "$2"
-- 08:13:52 +00:00:     at async h (.next/server/chunks/3011.js:1:4255)
-- 08:13:52 +00:00:     at async g (.next/server/app/api/auth/login/route.js:8:15561)
-- 08:13:52 +00:00:     at async p (.next/server/app/api/auth/login/route.js:1:4637)
-- 08:13:52 +00:00:     at async k (.next/server/app/api/auth/login/route.js:8:12262)
-- 08:13:52 +00:00:     at async g (.next/server/app/api/auth/login/route.js:8:13265) {
-- 08:13:52 +00:00:   length: 92,
-- 08:13:52 +00:00:   severity: 'ERROR',
-- 08:13:52 +00:00:   code: '42601',
-- 08:13:52 +00:00:   detail: undefined,
-- 08:13:52 +00:00:   hint: undefined,
-- 08:13:52 +00:00:   position: '150',
-- 08:13:52 +00:00:   internalPosition: undefined,
-- 08:13:52 +00:00:   internalQuery: undefined,
-- 08:13:52 +00:00:   where: undefined,
-- 08:13:52 +00:00:   schema: undefined,
-- 08:13:52 +00:00:   table: undefined,
-- 08:13:52 +00:00:   column: undefined,
-- 08:13:52 +00:00:   dataType: undefined,
-- 08:13:52 +00:00:   constraint: undefined,
-- 08:13:52 +00:00:   file: 'scan.l',
-- 08:13:52 +00:00:   line: '1244',
-- 08:13:52 +00:00:   routine: 'scanner_yyerror'
-- 08:13:52 +00:00: }
-- 08:25:17 +00:00: Admin layout auth check error: Error: NEXT_REDIRECT
-- 08:25:17 +00:00:     at g (.next/server/chunks/9234.js:1:1173)
-- 08:25:17 +00:00:     at h (.next/server/chunks/9234.js:1:1466)
-- 08:25:17 +00:00:     at k (.next/server/app/admin/page.js:1:530087) {
-- 08:25:17 +00:00:   digest: 'NEXT_REDIRECT;replace;/employee-portal;307;'
-- 08:25:17 +00:00: }
-- 08:25:26 +00:00: Rate limit check error: error: syntax error at or near "$2"
-- 08:25:26 +00:00:     at async h (.next/server/chunks/3011.js:1:4255)
-- 08:25:26 +00:00:     at async g (.next/server/app/api/auth/login/route.js:8:15561)
-- 08:25:26 +00:00:     at async p (.next/server/app/api/auth/login/route.js:1:4637)
-- 08:25:26 +00:00:     at async k (.next/server/app/api/auth/login/route.js:8:12262)
-- 08:25:26 +00:00:     at async g (.next/server/app/api/auth/login/route.js:8:13265) {
-- 08:25:26 +00:00:   length: 92,
-- 08:25:26 +00:00:   severity: 'ERROR',
-- 08:25:26 +00:00:   code: '42601',
-- 08:25:26 +00:00:   detail: undefined,
-- 08:25:26 +00:00:   hint: undefined,
-- 08:25:26 +00:00:   position: '150',
-- 08:25:26 +00:00:   internalPosition: undefined,
-- 08:25:26 +00:00:   internalQuery: undefined,
-- 08:25:26 +00:00:   where: undefined,
-- 08:25:26 +00:00:   schema: undefined,
-- 08:25:26 +00:00:   table: undefined,
-- 08:25:26 +00:00:   column: undefined,
-- 08:25:26 +00:00:   dataType: undefined,
-- 08:25:26 +00:00:   constraint: undefined,
-- 08:25:26 +00:00:   file: 'scan.l',
-- 08:25:26 +00:00:   line: '1244',
-- 08:25:26 +00:00:   routine: 'scanner_yyerror'
-- 08:25:26 +00:00: }
-- 08:26:22 +00:00: Rate limit check error: error: syntax error at or near "$2"
-- 08:26:22 +00:00:     at async h (.next/server/chunks/3011.js:1:4255)
-- 08:26:22 +00:00:     at async g (.next/server/app/api/auth/login/route.js:8:15561)
-- 08:26:22 +00:00:     at async p (.next/server/app/api/auth/login/route.js:1:4637)
-- 08:26:22 +00:00:     at async k (.next/server/app/api/auth/login/route.js:8:12262)
-- 08:26:22 +00:00:     at async g (.next/server/app/api/auth/login/route.js:8:13265) {
-- 08:26:22 +00:00:   length: 92,
-- 08:26:22 +00:00:   severity: 'ERROR',
-- 08:26:22 +00:00:   code: '42601',
-- 08:26:22 +00:00:   detail: undefined,
-- 08:26:22 +00:00:   hint: undefined,
-- 08:26:22 +00:00:   position: '150',
-- 08:26:22 +00:00:   internalPosition: undefined,
-- 08:26:22 +00:00:   internalQuery: undefined,
-- 08:26:22 +00:00:   where: undefined,
-- 08:26:22 +00:00:   schema: undefined,
-- 08:26:22 +00:00:   table: undefined,
-- 08:26:22 +00:00:   column: undefined,
-- 08:26:22 +00:00:   dataType: undefined,
-- 08:26:22 +00:00:   constraint: undefined,
-- 08:26:22 +00:00:   file: 'scan.l',
-- 08:26:22 +00:00:   line: '1244',
-- 08:26:22 +00:00:   routine: 'scanner_yyerror'
-- 08:26:22 +00:00: }
-- 08:54:33 +00:00: Admin layout auth check error: Error: NEXT_REDIRECT
-- 08:54:33 +00:00:     at g (.next/server/chunks/9234.js:1:1173)
-- 08:54:33 +00:00:     at h (.next/server/chunks/9234.js:1:1466)
-- 08:54:33 +00:00:     at k (.next/server/app/admin/page.js:1:529930) {
-- 08:54:33 +00:00:   digest: 'NEXT_REDIRECT;replace;/employee-portal;307;'
-- 08:54:33 +00:00: }
-- 08:55:07 +00:00: Rate limit check error: error: syntax error at or near "$2"
-- 08:55:07 +00:00:     at async h (.next/server/chunks/3011.js:1:4255)
-- 08:55:07 +00:00:     at async g (.next/server/app/api/auth/login/route.js:8:15561)
-- 08:55:07 +00:00:     at async p (.next/server/app/api/auth/login/route.js:1:4637)
-- 08:55:07 +00:00:     at async k (.next/server/app/api/auth/login/route.js:8:12262)
-- 08:55:07 +00:00:     at async g (.next/server/app/api/auth/login/route.js:8:13265) {
-- 08:55:07 +00:00:   length: 92,
-- 08:55:07 +00:00:   severity: 'ERROR',
-- 08:55:07 +00:00:   code: '42601',
-- 08:55:07 +00:00:   detail: undefined,
-- 08:55:07 +00:00:   hint: undefined,
-- 08:55:07 +00:00:   position: '150',
-- 08:55:07 +00:00:   internalPosition: undefined,
-- 08:55:07 +00:00:   internalQuery: undefined,
-- 08:55:07 +00:00:   where: undefined,
-- 08:55:07 +00:00:   schema: undefined,
-- 08:55:07 +00:00:   table: undefined,
-- 08:55:07 +00:00:   column: undefined,
-- 08:55:07 +00:00:   dataType: undefined,
-- 08:55:07 +00:00:   constraint: undefined,
-- 08:55:07 +00:00:   file: 'scan.l',
-- 08:55:07 +00:00:   line: '1244',
-- 08:55:07 +00:00:   routine: 'scanner_yyerror'
-- 08:55:07 +00:00: }
-- 08:55:23 +00:00: Rate limit check error: error: syntax error at or near "$2"
-- 08:55:23 +00:00:     at async h (.next/server/chunks/3011.js:1:4255)
-- 08:55:23 +00:00:     at async g (.next/server/app/api/auth/login/route.js:8:15561)
-- 08:55:23 +00:00:     at async p (.next/server/app/api/auth/login/route.js:1:4637)
-- 08:55:23 +00:00:     at async k (.next/server/app/api/auth/login/route.js:8:12262)
-- 08:55:23 +00:00:     at async g (.next/server/app/api/auth/login/route.js:8:13265) {
-- 08:55:23 +00:00:   length: 92,
-- 08:55:23 +00:00:   severity: 'ERROR',
-- 08:55:23 +00:00:   code: '42601',
-- 08:55:23 +00:00:   detail: undefined,
-- 08:55:23 +00:00:   hint: undefined,
-- 08:55:23 +00:00:   position: '150',
-- 08:55:23 +00:00:   internalPosition: undefined,
-- 08:55:23 +00:00:   internalQuery: undefined,
-- 08:55:23 +00:00:   where: undefined,
-- 08:55:23 +00:00:   schema: undefined,
-- 08:55:23 +00:00:   table: undefined,
-- 08:55:23 +00:00:   column: undefined,
-- 08:55:23 +00:00:   dataType: undefined,
-- 08:55:23 +00:00:   constraint: undefined,
-- 08:55:23 +00:00:   file: 'scan.l',
-- 08:55:23 +00:00:   line: '1244',
-- 08:55:23 +00:00:   routine: 'scanner_yyerror'
-- 08:55:23 +00:00: }
-- 09:34:41 +00:00: Rate limit check error: error: syntax error at or near "$2"
-- 09:34:41 +00:00:     at async h (.next/server/chunks/3011.js:1:4255)
-- 09:34:41 +00:00:     at async g (.next/server/app/api/auth/login/route.js:8:15561)
-- 09:34:41 +00:00:     at async p (.next/server/app/api/auth/login/route.js:1:4637)
-- 09:34:41 +00:00:     at async k (.next/server/app/api/auth/login/route.js:8:12262)
-- 09:34:41 +00:00:     at async g (.next/server/app/api/auth/login/route.js:8:13265) {
-- 09:34:41 +00:00:   length: 92,
-- 09:34:41 +00:00:   severity: 'ERROR',
-- 09:34:41 +00:00:   code: '42601',
-- 09:34:41 +00:00:   detail: undefined,
-- 09:34:41 +00:00:   hint: undefined,
-- 09:34:41 +00:00:   position: '150',
-- 09:34:41 +00:00:   internalPosition: undefined,
-- 09:34:41 +00:00:   internalQuery: undefined,
-- 09:34:41 +00:00:   where: undefined,
-- 09:34:41 +00:00:   schema: undefined,
-- 09:34:41 +00:00:   table: undefined,
-- 09:34:41 +00:00:   column: undefined,
-- 09:34:41 +00:00:   dataType: undefined,
-- 09:34:41 +00:00:   constraint: undefined,
-- 09:34:41 +00:00:   file: 'scan.l',
-- 09:34:41 +00:00:   line: '1244',
-- 09:34:41 +00:00:   routine: 'scanner_yyerror'
-- 09:34:41 +00:00: }
-- 10:47:58 +00:00: Rate limit check error: error: syntax error at or near "$2"
-- 10:47:58 +00:00:     at async h (.next/server/chunks/3011.js:1:4255)
-- 10:47:58 +00:00:     at async g (.next/server/app/api/auth/login/route.js:8:15561)
-- 10:47:58 +00:00:     at async p (.next/server/app/api/auth/login/route.js:1:4637)
-- 10:47:58 +00:00:     at async k (.next/server/app/api/auth/login/route.js:8:12262)
-- 10:47:58 +00:00:     at async g (.next/server/app/api/auth/login/route.js:8:13265) {
-- 10:47:58 +00:00:   length: 92,
-- 10:47:58 +00:00:   severity: 'ERROR',
-- 10:47:58 +00:00:   code: '42601',
-- 10:47:58 +00:00:   detail: undefined,
-- 10:47:58 +00:00:   hint: undefined,
-- 10:47:58 +00:00:   position: '150',
-- 10:47:58 +00:00:   internalPosition: undefined,
-- 10:47:58 +00:00:   internalQuery: undefined,
-- 10:47:58 +00:00:   where: undefined,
-- 10:47:58 +00:00:   schema: undefined,
-- 10:47:58 +00:00:   table: undefined,
-- 10:47:58 +00:00:   column: undefined,
-- 10:47:58 +00:00:   dataType: undefined,
-- 10:47:58 +00:00:   constraint: undefined,
-- 10:47:58 +00:00:   file: 'scan.l',
-- 10:47:58 +00:00:   line: '1244',
-- 10:47:58 +00:00:   routine: 'scanner_yyerror'
-- 10:47:58 +00:00: }
-- 11:50:30 +00:00: Error: Failed to find Server Action "x". This request might be from an older or newer deployment.
-- 11:50:30 +00:00: Read more: https://nextjs.org/docs/messages/failed-to-find-server-action
-- 11:50:30 +00:00:     at async m (.next/server/app/page.js:1:45740)
-- 11:50:30 +00:00:     at async p (.next/server/app/page.js:2:1860)
-- 11:50:30 +00:00:     at async L (.next/server/app/page.js:2:6944)
-- 11:57:15 +00:00: Error: Failed to find Server Action "x". This request might be from an older or newer deployment.
-- 11:57:15 +00:00: Read more: https://nextjs.org/docs/messages/failed-to-find-server-action
-- 11:57:15 +00:00:     at async m (.next/server/app/page.js:1:45740)
-- 11:57:15 +00:00:     at async p (.next/server/app/page.js:2:1860)
-- 11:57:15 +00:00:     at async L (.next/server/app/page.js:2:6944)
-- 11:57:15 +00:00: Error: Failed to find Server Action "x". This request might be from an older or newer deployment.
-- 11:57:15 +00:00: Read more: https://nextjs.org/docs/messages/failed-to-find-server-action
-- 11:57:15 +00:00:     at async m (.next/server/app/_not-found/page.js:1:6593)
-- 11:57:15 +00:00:     at async p (.next/server/app/_not-found/page.js:2:1860)
-- 11:57:15 +00:00:     at async L (.next/server/app/_not-found/page.js:2:6944)
-- 11:57:15 +00:00: Error: Failed to find Server Action "x". This request might be from an older or newer deployment.
-- 11:57:15 +00:00: Read more: https://nextjs.org/docs/messages/failed-to-find-server-action
-- 11:57:15 +00:00:     at async m (.next/server/app/_not-found/page.js:1:6593)
-- 11:57:15 +00:00:     at async p (.next/server/app/_not-found/page.js:2:1860)
-- 11:57:15 +00:00:     at async L (.next/server/app/_not-found/page.js:2:6944)
-- 11:57:15 +00:00: Error: Failed to find Server Action "x". This request might be from an older or newer deployment.
-- 11:57:15 +00:00: Read more: https://nextjs.org/docs/messages/failed-to-find-server-action
-- 11:57:15 +00:00:     at async m (.next/server/app/_not-found/page.js:1:6593)
-- 11:57:15 +00:00:     at async p (.next/server/app/_not-found/page.js:2:1860)
-- 11:57:15 +00:00:     at async L (.next/server/app/_not-found/page.js:2:6944)
-- 11:57:15 +00:00: Error: Failed to find Server Action "x". This request might be from an older or newer deployment.
-- 11:57:15 +00:00: Read more: https://nextjs.org/docs/messages/failed-to-find-server-action
-- 11:57:15 +00:00:     at async m (.next/server/app/_not-found/page.js:1:6593)
-- 11:57:15 +00:00:     at async p (.next/server/app/_not-found/page.js:2:1860)
-- 11:57:15 +00:00:     at async L (.next/server/app/_not-found/page.js:2:6944)
-- 11:57:16 +00:00: Error: Failed to find Server Action "x". This request might be from an older or newer deployment.
-- 11:57:16 +00:00: Read more: https://nextjs.org/docs/messages/failed-to-find-server-action
-- 11:57:16 +00:00:     at async m (.next/server/app/_not-found/page.js:1:6593)
-- 11:57:16 +00:00:     at async p (.next/server/app/_not-found/page.js:2:1860)
-- 11:57:16 +00:00:     at async L (.next/server/app/_not-found/page.js:2:6944)
-- 11:57:16 +00:00: Error: Failed to find Server Action "x". This request might be from an older or newer deployment.
-- 11:57:16 +00:00: Read more: https://nextjs.org/docs/messages/failed-to-find-server-action
-- 11:57:16 +00:00:     at async m (.next/server/app/login/page.js:2:13652)
-- 11:57:16 +00:00:     at async p (.next/server/app/login/page.js:3:1860)
-- 11:57:16 +00:00:     at async L (.next/server/app/login/page.js:3:6944)
-- 11:57:16 +00:00: Error: Failed to find Server Action "x". This request might be from an older or newer deployment.
-- 11:57:16 +00:00: Read more: https://nextjs.org/docs/messages/failed-to-find-server-action
-- 11:57:16 +00:00:     at async m (.next/server/app/_not-found/page.js:1:6593)
-- 11:57:16 +00:00:     at async p (.next/server/app/_not-found/page.js:2:1860)
-- 11:57:16 +00:00:     at async L (.next/server/app/_not-found/page.js:2:6944)
-- 11:57:16 +00:00: Error: Failed to find Server Action "x". This request might be from an older or newer deployment.
-- 11:57:16 +00:00: Read more: https://nextjs.org/docs/messages/failed-to-find-server-action
-- 11:57:16 +00:00:     at async m (.next/server/app/dashboard/page.js:1:7851)
-- 11:57:16 +00:00:     at async p (.next/server/app/dashboard/page.js:2:1860)
-- 11:57:16 +00:00:     at async L (.next/server/app/dashboard/page.js:2:6944)
-- 11:57:16 +00:00: Error: Failed to find Server Action "x". This request might be from an older or newer deployment.
-- 11:57:16 +00:00: Read more: https://nextjs.org/docs/messages/failed-to-find-server-action
-- 11:57:16 +00:00:     at async m (.next/server/app/admin/page.js:1:537301)
-- 11:57:16 +00:00:     at async p (.next/server/app/admin/page.js:2:1861)
-- 11:57:16 +00:00:     at async L (.next/server/app/admin/page.js:2:6948)
-- 11:57:16 +00:00: Error: Failed to find Server Action "x". This request might be from an older or newer deployment.
-- 11:57:16 +00:00: Read more: https://nextjs.org/docs/messages/failed-to-find-server-action
-- 11:57:16 +00:00:     at async m (.next/server/app/_not-found/page.js:1:6593)
-- 11:57:16 +00:00:     at async p (.next/server/app/_not-found/page.js:2:1860)
-- 11:57:16 +00:00:     at async L (.next/server/app/_not-found/page.js:2:6944)
-- 11:57:16 +00:00: Error: Failed to find Server Action "x". This request might be from an older or newer deployment.
-- 11:57:16 +00:00: Read more: https://nextjs.org/docs/messages/failed-to-find-server-action
-- 11:57:16 +00:00:     at async m (.next/server/app/_not-found/page.js:1:6593)
-- 11:57:16 +00:00:     at async p (.next/server/app/_not-found/page.js:2:1860)
-- 11:57:16 +00:00:     at async L (.next/server/app/_not-found/page.js:2:6944)
-- 11:57:17 +00:00: Error: Failed to find Server Action "x". This request might be from an older or newer deployment.
-- 11:57:17 +00:00: Read more: https://nextjs.org/docs/messages/failed-to-find-server-action
-- 11:57:17 +00:00:     at async m (.next/server/app/_not-found/page.js:1:6593)
-- 11:57:17 +00:00:     at async p (.next/server/app/_not-found/page.js:2:1860)
-- 11:57:17 +00:00:     at async L (.next/server/app/_not-found/page.js:2:6944)
-- 11:57:17 +00:00: Error: Failed to find Server Action "x". This request might be from an older or newer deployment.
-- 11:57:17 +00:00: Read more: https://nextjs.org/docs/messages/failed-to-find-server-action
-- 11:57:17 +00:00:     at async m (.next/server/app/_not-found/page.js:1:6593)
-- 11:57:17 +00:00:     at async p (.next/server/app/_not-found/page.js:2:1860)
-- 11:57:17 +00:00:     at async L (.next/server/app/_not-found/page.js:2:6944)
-- 11:57:17 +00:00: Error: Failed to find Server Action "x". This request might be from an older or newer deployment.
-- 11:57:17 +00:00: Read more: https://nextjs.org/docs/messages/failed-to-find-server-action
-- 11:57:17 +00:00:     at async m (.next/server/app/_not-found/page.js:1:6593)
-- 11:57:17 +00:00:     at async p (.next/server/app/_not-found/page.js:2:1860)
-- 11:57:17 +00:00:     at async L (.next/server/app/_not-found/page.js:2:6944)
-- 11:57:17 +00:00: Error: Failed to find Server Action "x". This request might be from an older or newer deployment.
-- 11:57:17 +00:00: Read more: https://nextjs.org/docs/messages/failed-to-find-server-action
-- 11:57:17 +00:00:     at async m (.next/server/app/_not-found/page.js:1:6593)
-- 11:57:17 +00:00:     at async p (.next/server/app/_not-found/page.js:2:1860)
-- 11:57:17 +00:00:     at async L (.next/server/app/_not-found/page.js:2:6944)
-- 11:57:17 +00:00: Error: Failed to find Server Action "x". This request might be from an older or newer deployment.
-- 11:57:17 +00:00: Read more: https://nextjs.org/docs/messages/failed-to-find-server-action
-- 11:57:17 +00:00:     at async m (.next/server/app/_not-found/page.js:1:6593)
-- 11:57:17 +00:00:     at async p (.next/server/app/_not-found/page.js:2:1860)
-- 11:57:17 +00:00:     at async L (.next/server/app/_not-found/page.js:2:6944)
-- 13:14:09 +00:00: Error: Failed to find Server Action "x". This request might be from an older or newer deployment.
-- 13:14:09 +00:00: Read more: https://nextjs.org/docs/messages/failed-to-find-server-action
-- 13:14:09 +00:00:     at async m (.next/server/app/page.js:1:45740)
-- 13:14:09 +00:00:     at async p (.next/server/app/page.js:2:1860)
-- 13:14:09 +00:00:     at async L (.next/server/app/page.js:2:6944)
-- 13:14:09 +00:00: Error: Failed to find Server Action "x". This request might be from an older or newer deployment.
-- 13:14:09 +00:00: Read more: https://nextjs.org/docs/messages/failed-to-find-server-action
-- 13:14:09 +00:00:     at async m (.next/server/app/_not-found/page.js:1:6593)
-- 13:14:09 +00:00:     at async p (.next/server/app/_not-found/page.js:2:1860)
-- 13:14:09 +00:00:     at async L (.next/server/app/_not-found/page.js:2:6944)
-- 13:14:09 +00:00: Error: Failed to find Server Action "x". This request might be from an older or newer deployment.
-- 13:14:09 +00:00: Read more: https://nextjs.org/docs/messages/failed-to-find-server-action
-- 13:14:09 +00:00:     at async m (.next/server/app/_not-found/page.js:1:6593)
-- 13:14:09 +00:00:     at async p (.next/server/app/_not-found/page.js:2:1860)
-- 13:14:09 +00:00:     at async L (.next/server/app/_not-found/page.js:2:6944)
-- 13:14:09 +00:00: Error: Failed to find Server Action "x". This request might be from an older or newer deployment.
-- 13:14:09 +00:00: Read more: https://nextjs.org/docs/messages/failed-to-find-server-action
-- 13:14:09 +00:00:     at async m (.next/server/app/_not-found/page.js:1:6593)
-- 13:14:09 +00:00:     at async p (.next/server/app/_not-found/page.js:2:1860)
-- 13:14:09 +00:00:     at async L (.next/server/app/_not-found/page.js:2:6944)
-- 13:14:10 +00:00: Error: Failed to find Server Action "x". This request might be from an older or newer deployment.
-- 13:14:10 +00:00: Read more: https://nextjs.org/docs/messages/failed-to-find-server-action
-- 13:14:10 +00:00:     at async m (.next/server/app/_not-found/page.js:1:6593)
-- 13:14:10 +00:00:     at async p (.next/server/app/_not-found/page.js:2:1860)
-- 13:14:10 +00:00:     at async L (.next/server/app/_not-found/page.js:2:6944)
-- 13:14:10 +00:00: Error: Failed to find Server Action "x". This request might be from an older or newer deployment.
-- 13:14:10 +00:00: Read more: https://nextjs.org/docs/messages/failed-to-find-server-action
-- 13:14:10 +00:00:     at async m (.next/server/app/_not-found/page.js:1:6593)
-- 13:14:10 +00:00:     at async p (.next/server/app/_not-found/page.js:2:1860)
-- 13:14:10 +00:00:     at async L (.next/server/app/_not-found/page.js:2:6944)
-- 13:14:10 +00:00: Error: Failed to find Server Action "x". This request might be from an older or newer deployment.
-- 13:14:10 +00:00: Read more: https://nextjs.org/docs/messages/failed-to-find-server-action
-- 13:14:10 +00:00:     at async m (.next/server/app/login/page.js:2:13652)
-- 13:14:10 +00:00:     at async p (.next/server/app/login/page.js:3:1860)
-- 13:14:10 +00:00:     at async L (.next/server/app/login/page.js:3:6944)
-- 13:14:10 +00:00: Error: Failed to find Server Action "x". This request might be from an older or newer deployment.
-- 13:14:10 +00:00: Read more: https://nextjs.org/docs/messages/failed-to-find-server-action
-- 13:14:10 +00:00:     at async m (.next/server/app/_not-found/page.js:1:6593)
-- 13:14:10 +00:00:     at async p (.next/server/app/_not-found/page.js:2:1860)
-- 13:14:10 +00:00:     at async L (.next/server/app/_not-found/page.js:2:6944)
-- 13:14:10 +00:00: Error: Failed to find Server Action "x". This request might be from an older or newer deployment.
-- 13:14:10 +00:00: Read more: https://nextjs.org/docs/messages/failed-to-find-server-action
-- 13:14:10 +00:00:     at async m (.next/server/app/dashboard/page.js:1:7851)
-- 13:14:10 +00:00:     at async p (.next/server/app/dashboard/page.js:2:1860)
-- 13:14:10 +00:00:     at async L (.next/server/app/dashboard/page.js:2:6944)
-- 13:14:10 +00:00: Error: Failed to find Server Action "x". This request might be from an older or newer deployment.
-- 13:14:10 +00:00: Read more: https://nextjs.org/docs/messages/failed-to-find-server-action
-- 13:14:10 +00:00:     at async m (.next/server/app/admin/page.js:1:537301)
-- 13:14:10 +00:00:     at async p (.next/server/app/admin/page.js:2:1861)
-- 13:14:10 +00:00:     at async L (.next/server/app/admin/page.js:2:6948)
-- 13:14:11 +00:00: Error: Failed to find Server Action "x". This request might be from an older or newer deployment.
-- 13:14:11 +00:00: Read more: https://nextjs.org/docs/messages/failed-to-find-server-action
-- 13:14:11 +00:00:     at async m (.next/server/app/_not-found/page.js:1:6593)
-- 13:14:11 +00:00:     at async p (.next/server/app/_not-found/page.js:2:1860)
-- 13:14:11 +00:00:     at async L (.next/server/app/_not-found/page.js:2:6944)
-- 13:14:11 +00:00: Error: Failed to find Server Action "x". This request might be from an older or newer deployment.
-- 13:14:11 +00:00: Read more: https://nextjs.org/docs/messages/failed-to-find-server-action
-- 13:14:11 +00:00:     at async m (.next/server/app/_not-found/page.js:1:6593)
-- 13:14:11 +00:00:     at async p (.next/server/app/_not-found/page.js:2:1860)
-- 13:14:11 +00:00:     at async L (.next/server/app/_not-found/page.js:2:6944)
-- 13:14:11 +00:00: Error: Failed to find Server Action "x". This request might be from an older or newer deployment.
-- 13:14:11 +00:00: Read more: https://nextjs.org/docs/messages/failed-to-find-server-action
-- 13:14:11 +00:00:     at async m (.next/server/app/_not-found/page.js:1:6593)
-- 13:14:11 +00:00:     at async p (.next/server/app/_not-found/page.js:2:1860)
-- 13:14:11 +00:00:     at async L (.next/server/app/_not-found/page.js:2:6944)
-- 13:14:11 +00:00: Error: Failed to find Server Action "x". This request might be from an older or newer deployment.
-- 13:14:11 +00:00: Read more: https://nextjs.org/docs/messages/failed-to-find-server-action
-- 13:14:11 +00:00:     at async m (.next/server/app/_not-found/page.js:1:6593)
-- 13:14:11 +00:00:     at async p (.next/server/app/_not-found/page.js:2:1860)
-- 13:14:11 +00:00:     at async L (.next/server/app/_not-found/page.js:2:6944)
-- 13:14:11 +00:00: Error: Failed to find Server Action "x". This request might be from an older or newer deployment.
-- 13:14:11 +00:00: Read more: https://nextjs.org/docs/messages/failed-to-find-server-action
-- 13:14:11 +00:00:     at async m (.next/server/app/_not-found/page.js:1:6593)
-- 13:14:11 +00:00:     at async p (.next/server/app/_not-found/page.js:2:1860)
-- 13:14:11 +00:00:     at async L (.next/server/app/_not-found/page.js:2:6944)
-- 13:14:11 +00:00: Error: Failed to find Server Action "x". This request might be from an older or newer deployment.
-- 13:14:11 +00:00: Read more: https://nextjs.org/docs/messages/failed-to-find-server-action
-- 13:14:11 +00:00:     at async m (.next/server/app/_not-found/page.js:1:6593)
-- 13:14:11 +00:00:     at async p (.next/server/app/_not-found/page.js:2:1860)
-- 13:14:11 +00:00:     at async L (.next/server/app/_not-found/page.js:2:6944)
-- 13:14:12 +00:00: Error: Failed to find Server Action "x". This request might be from an older or newer deployment.
-- 13:14:12 +00:00: Read more: https://nextjs.org/docs/messages/failed-to-find-server-action
-- 13:14:12 +00:00:     at async m (.next/server/app/_not-found/page.js:1:6593)
-- 13:14:12 +00:00:     at async p (.next/server/app/_not-found/page.js:2:1860)
-- 13:14:12 +00:00:     at async L (.next/server/app/_not-found/page.js:2:6944)
-- 19:46:03 +00:00: Error: Failed to find Server Action "x". This request might be from an older or newer deployment.
-- 19:46:03 +00:00: Read more: https://nextjs.org/docs/messages/failed-to-find-server-action
-- 19:46:03 +00:00:     at async m (.next/server/app/page.js:1:45740)
-- 19:46:03 +00:00:     at async p (.next/server/app/page.js:2:1860)
-- 19:46:03 +00:00:     at async L (.next/server/app/page.js:2:6944)
-- 19:46:03 +00:00: Error: Failed to find Server Action "x". This request might be from an older or newer deployment.
-- 19:46:03 +00:00: Read more: https://nextjs.org/docs/messages/failed-to-find-server-action
-- 19:46:03 +00:00:     at async m (.next/server/app/page.js:1:45740)
-- 19:46:03 +00:00:     at async p (.next/server/app/page.js:2:1860)
-- 19:46:03 +00:00:     at async L (.next/server/app/page.js:2:6944)
-- 21:18:58 +00:00: Error: Failed to find Server Action "x". This request might be from an older or newer deployment.
-- 21:18:58 +00:00: Read more: https://nextjs.org/docs/messages/failed-to-find-server-action
-- 21:18:58 +00:00:     at async m (.next/server/app/page.js:1:45740)
-- 21:18:58 +00:00:     at async p (.next/server/app/page.js:2:1860)
-- 21:18:58 +00:00:     at async L (.next/server/app/page.js:2:6944)
-- 21:23:03 +00:00: Error: Failed to find Server Action "x". This request might be from an older or newer deployment.
-- 21:23:03 +00:00: Read more: https://nextjs.org/docs/messages/failed-to-find-server-action
-- 21:23:03 +00:00:     at async m (.next/server/app/page.js:1:45740)
-- 21:23:03 +00:00:     at async p (.next/server/app/page.js:2:1860)
-- 21:23:03 +00:00:     at async L (.next/server/app/page.js:2:6944)
-- 21:23:03 +00:00: Error: Failed to find Server Action "x". This request might be from an older or newer deployment.
-- 21:23:03 +00:00: Read more: https://nextjs.org/docs/messages/failed-to-find-server-action
-- 21:23:03 +00:00:     at async m (.next/server/app/_not-found/page.js:1:6593)
-- 21:23:03 +00:00:     at async p (.next/server/app/_not-found/page.js:2:1860)
-- 21:23:03 +00:00:     at async L (.next/server/app/_not-found/page.js:2:6944)
-- 21:23:04 +00:00: Error: Failed to find Server Action "x". This request might be from an older or newer deployment.
-- 21:23:04 +00:00: Read more: https://nextjs.org/docs/messages/failed-to-find-server-action
-- 21:23:04 +00:00:     at async m (.next/server/app/_not-found/page.js:1:6593)
-- 21:23:04 +00:00:     at async p (.next/server/app/_not-found/page.js:2:1860)
-- 21:23:04 +00:00:     at async L (.next/server/app/_not-found/page.js:2:6944)
-- 21:23:04 +00:00: Error: Failed to find Server Action "x". This request might be from an older or newer deployment.
-- 21:23:04 +00:00: Read more: https://nextjs.org/docs/messages/failed-to-find-server-action
-- 21:23:04 +00:00:     at async m (.next/server/app/_not-found/page.js:1:6593)
-- 21:23:04 +00:00:     at async p (.next/server/app/_not-found/page.js:2:1860)
-- 21:23:04 +00:00:     at async L (.next/server/app/_not-found/page.js:2:6944)
-- 21:23:04 +00:00: Error: Failed to find Server Action "x". This request might be from an older or newer deployment.
-- 21:23:04 +00:00: Read more: https://nextjs.org/docs/messages/failed-to-find-server-action
-- 21:23:04 +00:00:     at async m (.next/server/app/_not-found/page.js:1:6593)
-- 21:23:04 +00:00:     at async p (.next/server/app/_not-found/page.js:2:1860)
-- 21:23:04 +00:00:     at async L (.next/server/app/_not-found/page.js:2:6944)
-- 21:23:04 +00:00: Error: Failed to find Server Action "x". This request might be from an older or newer deployment.
-- 21:23:04 +00:00: Read more: https://nextjs.org/docs/messages/failed-to-find-server-action
-- 21:23:04 +00:00:     at async m (.next/server/app/_not-found/page.js:1:6593)
-- 21:23:04 +00:00:     at async p (.next/server/app/_not-found/page.js:2:1860)
-- 21:23:04 +00:00:     at async L (.next/server/app/_not-found/page.js:2:6944)
-- 21:23:04 +00:00: Error: Failed to find Server Action "x". This request might be from an older or newer deployment.
-- 21:23:04 +00:00: Read more: https://nextjs.org/docs/messages/failed-to-find-server-action
-- 21:23:04 +00:00:     at async m (.next/server/app/login/page.js:2:13652)
-- 21:23:04 +00:00:     at async p (.next/server/app/login/page.js:3:1860)
-- 21:23:04 +00:00:     at async L (.next/server/app/login/page.js:3:6944)
-- 21:23:04 +00:00: Error: Failed to find Server Action "x". This request might be from an older or newer deployment.
-- 21:23:04 +00:00: Read more: https://nextjs.org/docs/messages/failed-to-find-server-action
-- 21:23:04 +00:00:     at async m (.next/server/app/_not-found/page.js:1:6593)
-- 21:23:04 +00:00:     at async p (.next/server/app/_not-found/page.js:2:1860)
-- 21:23:04 +00:00:     at async L (.next/server/app/_not-found/page.js:2:6944)
-- 21:23:04 +00:00: Error: Failed to find Server Action "x". This request might be from an older or newer deployment.
-- 21:23:04 +00:00: Read more: https://nextjs.org/docs/messages/failed-to-find-server-action
-- 21:23:04 +00:00:     at async m (.next/server/app/dashboard/page.js:1:7851)
-- 21:23:04 +00:00:     at async p (.next/server/app/dashboard/page.js:2:1860)
-- 21:23:04 +00:00:     at async L (.next/server/app/dashboard/page.js:2:6944)
-- 21:23:05 +00:00: Error: Failed to find Server Action "x". This request might be from an older or newer deployment.
-- 21:23:05 +00:00: Read more: https://nextjs.org/docs/messages/failed-to-find-server-action
-- 21:23:05 +00:00:     at async m (.next/server/app/admin/page.js:1:537301)
-- 21:23:05 +00:00:     at async p (.next/server/app/admin/page.js:2:1861)
-- 21:23:05 +00:00:     at async L (.next/server/app/admin/page.js:2:6948)
-- 21:23:05 +00:00: Error: Failed to find Server Action "x". This request might be from an older or newer deployment.
-- 21:23:05 +00:00: Read more: https://nextjs.org/docs/messages/failed-to-find-server-action
-- 21:23:05 +00:00:     at async m (.next/server/app/_not-found/page.js:1:6593)
-- 21:23:05 +00:00:     at async p (.next/server/app/_not-found/page.js:2:1860)
-- 21:23:05 +00:00:     at async L (.next/server/app/_not-found/page.js:2:6944)
-- 21:23:05 +00:00: Error: Failed to find Server Action "x". This request might be from an older or newer deployment.
-- 21:23:05 +00:00: Read more: https://nextjs.org/docs/messages/failed-to-find-server-action
-- 21:23:05 +00:00:     at async m (.next/server/app/_not-found/page.js:1:6593)
-- 21:23:05 +00:00:     at async p (.next/server/app/_not-found/page.js:2:1860)
-- 21:23:05 +00:00:     at async L (.next/server/app/_not-found/page.js:2:6944)
-- 21:23:05 +00:00: Error: Failed to find Server Action "x". This request might be from an older or newer deployment.
-- 21:23:05 +00:00: Read more: https://nextjs.org/docs/messages/failed-to-find-server-action
-- 21:23:05 +00:00:     at async m (.next/server/app/_not-found/page.js:1:6593)
-- 21:23:05 +00:00:     at async p (.next/server/app/_not-found/page.js:2:1860)
-- 21:23:05 +00:00:     at async L (.next/server/app/_not-found/page.js:2:6944)
-- 21:23:05 +00:00: Error: Failed to find Server Action "x". This request might be from an older or newer deployment.
-- 21:23:05 +00:00: Read more: https://nextjs.org/docs/messages/failed-to-find-server-action
-- 21:23:05 +00:00:     at async m (.next/server/app/_not-found/page.js:1:6593)
-- 21:23:05 +00:00:     at async p (.next/server/app/_not-found/page.js:2:1860)
-- 21:23:05 +00:00:     at async L (.next/server/app/_not-found/page.js:2:6944)
-- 21:23:05 +00:00: Error: Failed to find Server Action "x". This request might be from an older or newer deployment.
-- 21:23:05 +00:00: Read more: https://nextjs.org/docs/messages/failed-to-find-server-action
-- 21:23:05 +00:00:     at async m (.next/server/app/_not-found/page.js:1:6593)
-- 21:23:05 +00:00:     at async p (.next/server/app/_not-found/page.js:2:1860)
-- 21:23:05 +00:00:     at async L (.next/server/app/_not-found/page.js:2:6944)
-- 21:23:06 +00:00: Error: Failed to find Server Action "x". This request might be from an older or newer deployment.
-- 21:23:06 +00:00: Read more: https://nextjs.org/docs/messages/failed-to-find-server-action
-- 21:23:06 +00:00:     at async m (.next/server/app/_not-found/page.js:1:6593)
-- 21:23:06 +00:00:     at async p (.next/server/app/_not-found/page.js:2:1860)
-- 21:23:06 +00:00:     at async L (.next/server/app/_not-found/page.js:2:6944)
-- 21:23:06 +00:00: Error: Failed to find Server Action "x". This request might be from an older or newer deployment.
-- 21:23:06 +00:00: Read more: https://nextjs.org/docs/messages/failed-to-find-server-action
-- 21:23:06 +00:00:     at async m (.next/server/app/_not-found/page.js:1:6593)
-- 21:23:06 +00:00:     at async p (.next/server/app/_not-found/page.js:2:1860)
-- 21:23:06 +00:00:     at async L (.next/server/app/_not-found/page.js:2:6944)
-- 21:35:39 +00:00: Error: Failed to find Server Action "x". This request might be from an older or newer deployment.
-- 21:35:39 +00:00: Read more: https://nextjs.org/docs/messages/failed-to-find-server-action
-- 21:35:39 +00:00:     at async m (.next/server/app/page.js:1:45740)
-- 21:35:39 +00:00:     at async p (.next/server/app/page.js:2:1860)
-- 21:35:39 +00:00:     at async L (.next/server/app/page.js:2:6944)
-- 21:35:39 +00:00: Error: Failed to find Server Action "x". This request might be from an older or newer deployment.
-- 21:35:39 +00:00: Read more: https://nextjs.org/docs/messages/failed-to-find-server-action
-- 21:35:39 +00:00:     at async m (.next/server/app/_not-found/page.js:1:6593)
-- 21:35:39 +00:00:     at async p (.next/server/app/_not-found/page.js:2:1860)
-- 21:35:39 +00:00:     at async L (.next/server/app/_not-found/page.js:2:6944)
-- 21:35:39 +00:00: Error: Failed to find Server Action "x". This request might be from an older or newer deployment.
-- 21:35:39 +00:00: Read more: https://nextjs.org/docs/messages/failed-to-find-server-action
-- 21:35:39 +00:00:     at async m (.next/server/app/_not-found/page.js:1:6593)
-- 21:35:39 +00:00:     at async p (.next/server/app/_not-found/page.js:2:1860)
-- 21:35:39 +00:00:     at async L (.next/server/app/_not-found/page.js:2:6944)
-- 21:35:39 +00:00: Error: Failed to find Server Action "x". This request might be from an older or newer deployment.
-- 21:35:39 +00:00: Read more: https://nextjs.org/docs/messages/failed-to-find-server-action
-- 21:35:39 +00:00:     at async m (.next/server/app/_not-found/page.js:1:6593)
-- 21:35:39 +00:00:     at async p (.next/server/app/_not-found/page.js:2:1860)
-- 21:35:39 +00:00:     at async L (.next/server/app/_not-found/page.js:2:6944)
-- 21:35:39 +00:00: Error: Failed to find Server Action "x". This request might be from an older or newer deployment.
-- 21:35:39 +00:00: Read more: https://nextjs.org/docs/messages/failed-to-find-server-action
-- 21:35:39 +00:00:     at async m (.next/server/app/_not-found/page.js:1:6593)
-- 21:35:39 +00:00:     at async p (.next/server/app/_not-found/page.js:2:1860)
-- 21:35:39 +00:00:     at async L (.next/server/app/_not-found/page.js:2:6944)
-- 21:35:39 +00:00: Error: Failed to find Server Action "x". This request might be from an older or newer deployment.
-- 21:35:39 +00:00: Read more: https://nextjs.org/docs/messages/failed-to-find-server-action
-- 21:35:39 +00:00:     at async m (.next/server/app/_not-found/page.js:1:6593)
-- 21:35:39 +00:00:     at async p (.next/server/app/_not-found/page.js:2:1860)
-- 21:35:39 +00:00:     at async L (.next/server/app/_not-found/page.js:2:6944)
-- 21:35:40 +00:00: Error: Failed to find Server Action "x". This request might be from an older or newer deployment.
-- 21:35:40 +00:00: Read more: https://nextjs.org/docs/messages/failed-to-find-server-action
-- 21:35:40 +00:00:     at async m (.next/server/app/login/page.js:2:13652)
-- 21:35:40 +00:00:     at async p (.next/server/app/login/page.js:3:1860)
-- 21:35:40 +00:00:     at async L (.next/server/app/login/page.js:3:6944)
-- 21:35:40 +00:00: Error: Failed to find Server Action "x". This request might be from an older or newer deployment.
-- 21:35:40 +00:00: Read more: https://nextjs.org/docs/messages/failed-to-find-server-action
-- 21:35:40 +00:00:     at async m (.next/server/app/_not-found/page.js:1:6593)
-- 21:35:40 +00:00:     at async p (.next/server/app/_not-found/page.js:2:1860)
-- 21:35:40 +00:00:     at async L (.next/server/app/_not-found/page.js:2:6944)
-- 21:35:40 +00:00: Error: Failed to find Server Action "x". This request might be from an older or newer deployment.
-- 21:35:40 +00:00: Read more: https://nextjs.org/docs/messages/failed-to-find-server-action
-- 21:35:40 +00:00:     at async m (.next/server/app/dashboard/page.js:1:7851)
-- 21:35:40 +00:00:     at async p (.next/server/app/dashboard/page.js:2:1860)
-- 21:35:40 +00:00:     at async L (.next/server/app/dashboard/page.js:2:6944)
-- 21:35:40 +00:00: Error: Failed to find Server Action "x". This request might be from an older or newer deployment.
-- 21:35:40 +00:00: Read more: https://nextjs.org/docs/messages/failed-to-find-server-action
-- 21:35:40 +00:00:     at async m (.next/server/app/admin/page.js:1:537301)
-- 21:35:40 +00:00:     at async p (.next/server/app/admin/page.js:2:1861)
-- 21:35:40 +00:00:     at async L (.next/server/app/admin/page.js:2:6948)
-- 21:35:40 +00:00: Error: Failed to find Server Action "x". This request might be from an older or newer deployment.
-- 21:35:40 +00:00: Read more: https://nextjs.org/docs/messages/failed-to-find-server-action
-- 21:35:40 +00:00:     at async m (.next/server/app/_not-found/page.js:1:6593)
-- 21:35:40 +00:00:     at async p (.next/server/app/_not-found/page.js:2:1860)
-- 21:35:40 +00:00:     at async L (.next/server/app/_not-found/page.js:2:6944)
-- 21:35:40 +00:00: Error: Failed to find Server Action "x". This request might be from an older or newer deployment.
-- 21:35:40 +00:00: Read more: https://nextjs.org/docs/messages/failed-to-find-server-action
-- 21:35:40 +00:00:     at async m (.next/server/app/_not-found/page.js:1:6593)
-- 21:35:40 +00:00:     at async p (.next/server/app/_not-found/page.js:2:1860)
-- 21:35:40 +00:00:     at async L (.next/server/app/_not-found/page.js:2:6944)
-- 21:35:41 +00:00: Error: Failed to find Server Action "x". This request might be from an older or newer deployment.
-- 21:35:41 +00:00: Read more: https://nextjs.org/docs/messages/failed-to-find-server-action
-- 21:35:41 +00:00:     at async m (.next/server/app/_not-found/page.js:1:6593)
-- 21:35:41 +00:00:     at async p (.next/server/app/_not-found/page.js:2:1860)
-- 21:35:41 +00:00:     at async L (.next/server/app/_not-found/page.js:2:6944)
-- 21:35:41 +00:00: Error: Failed to find Server Action "x". This request might be from an older or newer deployment.
-- 21:35:41 +00:00: Read more: https://nextjs.org/docs/messages/failed-to-find-server-action
-- 21:35:41 +00:00:     at async m (.next/server/app/_not-found/page.js:1:6593)
-- 21:35:41 +00:00:     at async p (.next/server/app/_not-found/page.js:2:1860)
-- 21:35:41 +00:00:     at async L (.next/server/app/_not-found/page.js:2:6944)
-- 21:35:41 +00:00: Error: Failed to find Server Action "x". This request might be from an older or newer deployment.
-- 21:35:41 +00:00: Read more: https://nextjs.org/docs/messages/failed-to-find-server-action
-- 21:35:41 +00:00:     at async m (.next/server/app/_not-found/page.js:1:6593)
-- 21:35:41 +00:00:     at async p (.next/server/app/_not-found/page.js:2:1860)
-- 21:35:41 +00:00:     at async L (.next/server/app/_not-found/page.js:2:6944)
-- 21:35:41 +00:00: Error: Failed to find Server Action "x". This request might be from an older or newer deployment.
-- 21:35:41 +00:00: Read more: https://nextjs.org/docs/messages/failed-to-find-server-action
-- 21:35:41 +00:00:     at async m (.next/server/app/_not-found/page.js:1:6593)
-- 21:35:41 +00:00:     at async p (.next/server/app/_not-found/page.js:2:1860)
-- 21:35:41 +00:00:     at async L (.next/server/app/_not-found/page.js:2:6944)
-- 21:35:41 +00:00: Error: Failed to find Server Action "x". This request might be from an older or newer deployment.
-- 21:35:41 +00:00: Read more: https://nextjs.org/docs/messages/failed-to-find-server-action
-- 21:35:41 +00:00:     at async m (.next/server/app/_not-found/page.js:1:6593)
-- 21:35:41 +00:00:     at async p (.next/server/app/_not-found/page.js:2:1860)
-- 21:35:41 +00:00:     at async L (.next/server/app/_not-found/page.js:2:6944)
-- 23:32:41 +00:00: Error: Failed to find Server Action "x". This request might be from an older or newer deployment.
-- 23:32:41 +00:00: Read more: https://nextjs.org/docs/messages/failed-to-find-server-action
-- 23:32:41 +00:00:     at async m (.next/server/app/_not-found/page.js:1:6593)
-- 23:32:41 +00:00:     at async p (.next/server/app/_not-found/page.js:2:1860)
-- 23:32:41 +00:00:     at async L (.next/server/app/_not-found/page.js:2:6944)
-- 23:34:58 +00:00: Error: Failed to find Server Action "x". This request might be from an older or newer deployment.
-- 23:34:58 +00:00: Read more: https://nextjs.org/docs/messages/failed-to-find-server-action
-- 23:34:58 +00:00:     at async m (.next/server/app/_not-found/page.js:1:6593)
-- 23:34:58 +00:00:     at async p (.next/server/app/_not-found/page.js:2:1860)
-- 23:34:58 +00:00:     at async L (.next/server/app/_not-found/page.js:2:6944)
-- 23:51:26 +00:00: Error: Failed to find Server Action "x". This request might be from an older or newer deployment.
-- 23:51:26 +00:00: Read more: https://nextjs.org/docs/messages/failed-to-find-server-action
-- 23:51:26 +00:00:     at async m (.next/server/app/_not-found/page.js:1:6593)
-- 23:51:26 +00:00:     at async p (.next/server/app/_not-found/page.js:2:1860)
-- 23:51:26 +00:00:     at async L (.next/server/app/_not-found/page.js:2:6944)
-- 09:47:06 +00:00: Error: Failed to find Server Action "x". This request might be from an older or newer deployment.
-- 09:47:06 +00:00: Read more: https://nextjs.org/docs/messages/failed-to-find-server-action
-- 09:47:06 +00:00:     at async m (.next/server/app/page.js:1:45740)
-- 09:47:06 +00:00:     at async p (.next/server/app/page.js:2:1860)
-- 09:47:06 +00:00:     at async L (.next/server/app/page.js:2:6944)
-- 14:41:35 +00:00:   SyntaxError: Bad escaped character in JSON at position 191 (line 1 column 192)
-- 14:41:35 +00:00:     at JSON.parse (<anonymous>) {
-- 14:41:35 +00:00:   digest: '1938895363'
-- 14:41:35 +00:00: }
-- 18:00:10 +00:00: Error: Failed to find Server Action "x". This request might be from an older or newer deployment.
-- 18:00:10 +00:00: Read more: https://nextjs.org/docs/messages/failed-to-find-server-action
-- 18:00:10 +00:00:     at async m (.next/server/app/page.js:1:45740)
-- 18:00:10 +00:00:     at async p (.next/server/app/page.js:2:1860)
-- 18:00:10 +00:00:     at async L (.next/server/app/page.js:2:6944)
-- 20:47:45 +00:00: Error: Failed to find Server Action "x". This request might be from an older or newer deployment.
-- 20:47:45 +00:00: Read more: https://nextjs.org/docs/messages/failed-to-find-server-action
-- 20:47:45 +00:00:     at async m (.next/server/app/page.js:1:45740)
-- 20:47:45 +00:00:     at async p (.next/server/app/page.js:2:1860)
-- 20:47:45 +00:00:     at async L (.next/server/app/page.js:2:6944)
-- 03:43:08 +00:00: Error: Failed to find Server Action "x". This request might be from an older or newer deployment.
-- 03:43:08 +00:00: Read more: https://nextjs.org/docs/messages/failed-to-find-server-action
-- 03:43:08 +00:00:     at async m (.next/server/app/page.js:1:45740)
-- 03:43:08 +00:00:     at async p (.next/server/app/page.js:2:1860)
-- 03:43:08 +00:00:     at async L (.next/server/app/page.js:2:6944)
-- 03:43:09 +00:00: Error: Failed to find Server Action "x". This request might be from an older or newer deployment.
-- 03:43:09 +00:00: Read more: https://nextjs.org/docs/messages/failed-to-find-server-action
-- 03:43:09 +00:00:     at async m (.next/server/app/page.js:1:45740)
-- 03:43:09 +00:00:     at async p (.next/server/app/page.js:2:1860)
-- 03:43:09 +00:00:     at async L (.next/server/app/page.js:2:6944)
-- 05:15:29 +00:00: Rate limit check error: error: syntax error at or near "$2"
-- 05:15:29 +00:00:     at async h (.next/server/chunks/3011.js:1:4255)
-- 05:15:29 +00:00:     at async g (.next/server/app/api/auth/login/route.js:8:15561)
-- 05:15:29 +00:00:     at async p (.next/server/app/api/auth/login/route.js:1:4637)
-- 05:15:29 +00:00:     at async k (.next/server/app/api/auth/login/route.js:8:12262)
-- 05:15:29 +00:00:     at async g (.next/server/app/api/auth/login/route.js:8:13265) {
-- 05:15:29 +00:00:   length: 92,
-- 05:15:29 +00:00:   severity: 'ERROR',
-- 05:15:29 +00:00:   code: '42601',
-- 05:15:29 +00:00:   detail: undefined,
-- 05:15:29 +00:00:   hint: undefined,
-- 05:15:29 +00:00:   position: '150',
-- 05:15:29 +00:00:   internalPosition: undefined,
-- 05:15:29 +00:00:   internalQuery: undefined,
-- 05:15:29 +00:00:   where: undefined,
-- 05:15:29 +00:00:   schema: undefined,
-- 05:15:29 +00:00:   table: undefined,
-- 05:15:29 +00:00:   column: undefined,
-- 05:15:29 +00:00:   dataType: undefined,
-- 05:15:29 +00:00:   constraint: undefined,
-- 05:15:29 +00:00:   file: 'scan.l',
-- 05:15:29 +00:00:   line: '1244',
-- 05:15:29 +00:00:   routine: 'scanner_yyerror'
-- 05:15:29 +00:00: }
-- 05:15:35 +00:00: Rate limit check error: error: syntax error at or near "$2"
-- 05:15:35 +00:00:     at async h (.next/server/chunks/3011.js:1:4255)
-- 05:15:35 +00:00:     at async g (.next/server/app/api/auth/login/route.js:8:15561)
-- 05:15:35 +00:00:     at async p (.next/server/app/api/auth/login/route.js:1:4637)
-- 05:15:35 +00:00:     at async k (.next/server/app/api/auth/login/route.js:8:12262)
-- 05:15:35 +00:00:     at async g (.next/server/app/api/auth/login/route.js:8:13265) {
-- 05:15:35 +00:00:   length: 92,
-- 05:15:35 +00:00:   severity: 'ERROR',
-- 05:15:35 +00:00:   code: '42601',
-- 05:15:35 +00:00:   detail: undefined,
-- 05:15:35 +00:00:   hint: undefined,
-- 05:15:35 +00:00:   position: '150',
-- 05:15:35 +00:00:   internalPosition: undefined,
-- 05:15:35 +00:00:   internalQuery: undefined,
-- 05:15:35 +00:00:   where: undefined,
-- 05:15:35 +00:00:   schema: undefined,
-- 05:15:35 +00:00:   table: undefined,
-- 05:15:35 +00:00:   column: undefined,
-- 05:15:35 +00:00:   dataType: undefined,
-- 05:15:35 +00:00:   constraint: undefined,
-- 05:15:35 +00:00:   file: 'scan.l',
-- 05:15:35 +00:00:   line: '1244',
-- 05:15:35 +00:00:   routine: 'scanner_yyerror'
-- 05:15:35 +00:00: }
-- 05:15:49 +00:00: Rate limit check error: error: syntax error at or near "$2"
-- 05:15:49 +00:00:     at async h (.next/server/chunks/3011.js:1:4255)
-- 05:15:49 +00:00:     at async g (.next/server/app/api/auth/login/route.js:8:15561)
-- 05:15:49 +00:00:     at async p (.next/server/app/api/auth/login/route.js:1:4637)
-- 05:15:49 +00:00:     at async k (.next/server/app/api/auth/login/route.js:8:12262)
-- 05:15:49 +00:00:     at async g (.next/server/app/api/auth/login/route.js:8:13265) {
-- 05:15:49 +00:00:   length: 92,
-- 05:15:49 +00:00:   severity: 'ERROR',
-- 05:15:49 +00:00:   code: '42601',
-- 05:15:49 +00:00:   detail: undefined,
-- 05:15:49 +00:00:   hint: undefined,
-- 05:15:49 +00:00:   position: '150',
-- 05:15:49 +00:00:   internalPosition: undefined,
-- 05:15:49 +00:00:   internalQuery: undefined,
-- 05:15:49 +00:00:   where: undefined,
-- 05:15:49 +00:00:   schema: undefined,
-- 05:15:49 +00:00:   table: undefined,
-- 05:15:49 +00:00:   column: undefined,
-- 05:15:49 +00:00:   dataType: undefined,
-- 05:15:49 +00:00:   constraint: undefined,
-- 05:15:49 +00:00:   file: 'scan.l',
-- 05:15:49 +00:00:   line: '1244',
-- 05:15:49 +00:00:   routine: 'scanner_yyerror'
-- 05:15:49 +00:00: }
-- 05:16:26 +00:00: Rate limit check error: error: syntax error at or near "$2"
-- 05:16:26 +00:00:     at async h (.next/server/chunks/3011.js:1:4255)
-- 05:16:26 +00:00:     at async g (.next/server/app/api/auth/login/route.js:8:15561)
-- 05:16:26 +00:00:     at async p (.next/server/app/api/auth/login/route.js:1:4637)
-- 05:16:26 +00:00:     at async k (.next/server/app/api/auth/login/route.js:8:12262)
-- 05:16:26 +00:00:     at async g (.next/server/app/api/auth/login/route.js:8:13265) {
-- 05:16:26 +00:00:   length: 92,
-- 05:16:26 +00:00:   severity: 'ERROR',
-- 05:16:26 +00:00:   code: '42601',
-- 05:16:26 +00:00:   detail: undefined,
-- 05:16:26 +00:00:   hint: undefined,
-- 05:16:26 +00:00:   position: '150',
-- 05:16:26 +00:00:   internalPosition: undefined,
-- 05:16:26 +00:00:   internalQuery: undefined,
-- 05:16:26 +00:00:   where: undefined,
-- 05:16:26 +00:00:   schema: undefined,
-- 05:16:26 +00:00:   table: undefined,
-- 05:16:26 +00:00:   column: undefined,
-- 05:16:26 +00:00:   dataType: undefined,
-- 05:16:26 +00:00:   constraint: undefined,
-- 05:16:26 +00:00:   file: 'scan.l',
-- 05:16:26 +00:00:   line: '1244',
-- 05:16:26 +00:00:   routine: 'scanner_yyerror'
-- 05:16:26 +00:00: }
-- 05:16:52 +00:00: Rate limit check error: error: syntax error at or near "$2"
-- 05:16:52 +00:00:     at async h (.next/server/chunks/3011.js:1:4255)
-- 05:16:52 +00:00:     at async g (.next/server/app/api/auth/login/route.js:8:15561)
-- 05:16:52 +00:00:     at async p (.next/server/app/api/auth/login/route.js:1:4637)
-- 05:16:52 +00:00:     at async k (.next/server/app/api/auth/login/route.js:8:12262)
-- 05:16:52 +00:00:     at async g (.next/server/app/api/auth/login/route.js:8:13265) {
-- 05:16:52 +00:00:   length: 92,
-- 05:16:52 +00:00:   severity: 'ERROR',
-- 05:16:52 +00:00:   code: '42601',
-- 05:16:52 +00:00:   detail: undefined,
-- 05:16:52 +00:00:   hint: undefined,
-- 05:16:52 +00:00:   position: '150',
-- 05:16:52 +00:00:   internalPosition: undefined,
-- 05:16:52 +00:00:   internalQuery: undefined,
-- 05:16:52 +00:00:   where: undefined,
-- 05:16:52 +00:00:   schema: undefined,
-- 05:16:52 +00:00:   table: undefined,
-- 05:16:52 +00:00:   column: undefined,
-- 05:16:52 +00:00:   dataType: undefined,
-- 05:16:52 +00:00:   constraint: undefined,
-- 05:16:52 +00:00:   file: 'scan.l',
-- 05:16:52 +00:00:   line: '1244',
-- 05:16:52 +00:00:   routine: 'scanner_yyerror'
-- 05:16:52 +00:00: }
-- 05:17:12 +00:00: Rate limit check error: error: syntax error at or near "$2"
-- 05:17:12 +00:00:     at async h (.next/server/chunks/3011.js:1:4255)
-- 05:17:12 +00:00:     at async g (.next/server/app/api/auth/login/route.js:8:15561)
-- 05:17:12 +00:00:     at async p (.next/server/app/api/auth/login/route.js:1:4637)
-- 05:17:12 +00:00:     at async k (.next/server/app/api/auth/login/route.js:8:12262)
-- 05:17:12 +00:00:     at async g (.next/server/app/api/auth/login/route.js:8:13265) {
-- 05:17:12 +00:00:   length: 92,
-- 05:17:12 +00:00:   severity: 'ERROR',
-- 05:17:12 +00:00:   code: '42601',
-- 05:17:12 +00:00:   detail: undefined,
-- 05:17:12 +00:00:   hint: undefined,
-- 05:17:12 +00:00:   position: '150',
-- 05:17:12 +00:00:   internalPosition: undefined,
-- 05:17:12 +00:00:   internalQuery: undefined,
-- 05:17:12 +00:00:   where: undefined,
-- 05:17:12 +00:00:   schema: undefined,
-- 05:17:12 +00:00:   table: undefined,
-- 05:17:12 +00:00:   column: undefined,
-- 05:17:12 +00:00:   dataType: undefined,
-- 05:17:12 +00:00:   constraint: undefined,
-- 05:17:12 +00:00:   file: 'scan.l',
-- 05:17:12 +00:00:   line: '1244',
-- 05:17:12 +00:00:   routine: 'scanner_yyerror'
-- 05:17:12 +00:00: }
-- 05:55:08 +00:00: Error: Failed to find Server Action "x". This request might be from an older or newer deployment.
-- 05:55:08 +00:00: Read more: https://nextjs.org/docs/messages/failed-to-find-server-action
-- 05:55:08 +00:00:     at async m (.next/server/app/page.js:1:45740)
-- 05:55:08 +00:00:     at async p (.next/server/app/page.js:2:1860)
-- 05:55:08 +00:00:     at async L (.next/server/app/page.js:2:6944)
-- 06:53:59 +00:00: Error: Failed to find Server Action "x". This request might be from an older or newer deployment.
-- 06:53:59 +00:00: Read more: https://nextjs.org/docs/messages/failed-to-find-server-action
-- 06:53:59 +00:00:     at async m (.next/server/app/page.js:1:45740)
-- 06:53:59 +00:00:     at async p (.next/server/app/page.js:2:1860)
-- 06:53:59 +00:00:     at async L (.next/server/app/page.js:2:6944)
-- 09:22:32 +00:00: Error: Failed to find Server Action "x". This request might be from an older or newer deployment.
-- 09:22:32 +00:00: Read more: https://nextjs.org/docs/messages/failed-to-find-server-action
-- 09:22:32 +00:00:     at async m (.next/server/app/page.js:1:45740)
-- 09:22:32 +00:00:     at async p (.next/server/app/page.js:2:1860)
-- 09:22:32 +00:00:     at async L (.next/server/app/page.js:2:6944)
-- 09:58:05 +00:00: Error: Failed to find Server Action "x". This request might be from an older or newer deployment.
-- 09:58:05 +00:00: Read more: https://nextjs.org/docs/messages/failed-to-find-server-action
-- 09:58:05 +00:00:     at async m (.next/server/app/page.js:1:45740)
-- 09:58:05 +00:00:     at async p (.next/server/app/page.js:2:1860)
-- 09:58:05 +00:00:     at async L (.next/server/app/page.js:2:6944)
-- 17:26:11 +00:00: Error: Failed to find Server Action "x". This request might be from an older or newer deployment.
-- 17:26:11 +00:00: Read more: https://nextjs.org/docs/messages/failed-to-find-server-action
-- 17:26:11 +00:00:     at async m (.next/server/app/page.js:1:45740)
-- 17:26:11 +00:00:     at async p (.next/server/app/page.js:2:1860)
-- 17:26:11 +00:00:     at async L (.next/server/app/page.js:2:6944)
-- 21:02:23 +00:00: Error: Failed to find Server Action "x". This request might be from an older or newer deployment.
-- 21:02:23 +00:00: Read more: https://nextjs.org/docs/messages/failed-to-find-server-action
-- 21:02:23 +00:00:     at async m (.next/server/app/page.js:1:45740)
-- 21:02:23 +00:00:     at async p (.next/server/app/page.js:2:1860)
-- 21:02:23 +00:00:     at async L (.next/server/app/page.js:2:6944)
-- 21:23:42 +00:00: Error: Failed to find Server Action "x". This request might be from an older or newer deployment.
-- 21:23:42 +00:00: Read more: https://nextjs.org/docs/messages/failed-to-find-server-action
-- 21:23:42 +00:00:     at async m (.next/server/app/page.js:1:45740)
-- 21:23:42 +00:00:     at async p (.next/server/app/page.js:2:1860)
-- 21:23:42 +00:00:     at async L (.next/server/app/page.js:2:6944)
-- 21:23:43 +00:00: Error: Failed to find Server Action "x". This request might be from an older or newer deployment.
-- 21:23:43 +00:00: Read more: https://nextjs.org/docs/messages/failed-to-find-server-action
-- 21:23:43 +00:00:     at async m (.next/server/app/_not-found/page.js:1:6593)
-- 21:23:43 +00:00:     at async p (.next/server/app/_not-found/page.js:2:1860)
-- 21:23:43 +00:00:     at async L (.next/server/app/_not-found/page.js:2:6944)
-- 21:23:43 +00:00: Error: Failed to find Server Action "x". This request might be from an older or newer deployment.
-- 21:23:43 +00:00: Read more: https://nextjs.org/docs/messages/failed-to-find-server-action
-- 21:23:43 +00:00:     at async m (.next/server/app/_not-found/page.js:1:6593)
-- 21:23:43 +00:00:     at async p (.next/server/app/_not-found/page.js:2:1860)
-- 21:23:43 +00:00:     at async L (.next/server/app/_not-found/page.js:2:6944)
-- 21:23:43 +00:00: Error: Failed to find Server Action "x". This request might be from an older or newer deployment.
-- 21:23:43 +00:00: Read more: https://nextjs.org/docs/messages/failed-to-find-server-action
-- 21:23:43 +00:00:     at async m (.next/server/app/_not-found/page.js:1:6593)
-- 21:23:43 +00:00:     at async p (.next/server/app/_not-found/page.js:2:1860)
-- 21:23:43 +00:00:     at async L (.next/server/app/_not-found/page.js:2:6944)
-- 21:23:43 +00:00: Error: Failed to find Server Action "x". This request might be from an older or newer deployment.
-- 21:23:43 +00:00: Read more: https://nextjs.org/docs/messages/failed-to-find-server-action
-- 21:23:43 +00:00:     at async m (.next/server/app/_not-found/page.js:1:6593)
-- 21:23:43 +00:00:     at async p (.next/server/app/_not-found/page.js:2:1860)
-- 21:23:43 +00:00:     at async L (.next/server/app/_not-found/page.js:2:6944)
-- 21:23:43 +00:00: Error: Failed to find Server Action "x". This request might be from an older or newer deployment.
-- 21:23:43 +00:00: Read more: https://nextjs.org/docs/messages/failed-to-find-server-action
-- 21:23:43 +00:00:     at async m (.next/server/app/_not-found/page.js:1:6593)
-- 21:23:43 +00:00:     at async p (.next/server/app/_not-found/page.js:2:1860)
-- 21:23:43 +00:00:     at async L (.next/server/app/_not-found/page.js:2:6944)
-- 21:23:43 +00:00: Error: Failed to find Server Action "x". This request might be from an older or newer deployment.
-- 21:23:43 +00:00: Read more: https://nextjs.org/docs/messages/failed-to-find-server-action
-- 21:23:43 +00:00:     at async m (.next/server/app/login/page.js:2:13652)
-- 21:23:43 +00:00:     at async p (.next/server/app/login/page.js:3:1860)
-- 21:23:43 +00:00:     at async L (.next/server/app/login/page.js:3:6944)
-- 21:23:44 +00:00: Error: Failed to find Server Action "x". This request might be from an older or newer deployment.
-- 21:23:44 +00:00: Read more: https://nextjs.org/docs/messages/failed-to-find-server-action
-- 21:23:44 +00:00:     at async m (.next/server/app/_not-found/page.js:1:6593)
-- 21:23:44 +00:00:     at async p (.next/server/app/_not-found/page.js:2:1860)
-- 21:23:44 +00:00:     at async L (.next/server/app/_not-found/page.js:2:6944)
-- 21:23:44 +00:00: Error: Failed to find Server Action "x". This request might be from an older or newer deployment.
-- 21:23:44 +00:00: Read more: https://nextjs.org/docs/messages/failed-to-find-server-action
-- 21:23:44 +00:00:     at async m (.next/server/app/dashboard/page.js:1:7851)
-- 21:23:44 +00:00:     at async p (.next/server/app/dashboard/page.js:2:1860)
-- 21:23:44 +00:00:     at async L (.next/server/app/dashboard/page.js:2:6944)
-- 21:23:44 +00:00: Error: Failed to find Server Action "x". This request might be from an older or newer deployment.
-- 21:23:44 +00:00: Read more: https://nextjs.org/docs/messages/failed-to-find-server-action
-- 21:23:44 +00:00:     at async m (.next/server/app/admin/page.js:1:537301)
-- 21:23:44 +00:00:     at async p (.next/server/app/admin/page.js:2:1861)
-- 21:23:44 +00:00:     at async L (.next/server/app/admin/page.js:2:6948)
-- 21:23:44 +00:00: Error: Failed to find Server Action "x". This request might be from an older or newer deployment.
-- 21:23:44 +00:00: Read more: https://nextjs.org/docs/messages/failed-to-find-server-action
-- 21:23:44 +00:00:     at async m (.next/server/app/_not-found/page.js:1:6593)
-- 21:23:44 +00:00:     at async p (.next/server/app/_not-found/page.js:2:1860)
-- 21:23:44 +00:00:     at async L (.next/server/app/_not-found/page.js:2:6944)
-- 21:23:44 +00:00: Error: Failed to find Server Action "x". This request might be from an older or newer deployment.
-- 21:23:44 +00:00: Read more: https://nextjs.org/docs/messages/failed-to-find-server-action
-- 21:23:44 +00:00:     at async m (.next/server/app/_not-found/page.js:1:6593)
-- 21:23:44 +00:00:     at async p (.next/server/app/_not-found/page.js:2:1860)
-- 21:23:44 +00:00:     at async L (.next/server/app/_not-found/page.js:2:6944)
-- 21:23:44 +00:00: Error: Failed to find Server Action "x". This request might be from an older or newer deployment.
-- 21:23:44 +00:00: Read more: https://nextjs.org/docs/messages/failed-to-find-server-action
-- 21:23:44 +00:00:     at async m (.next/server/app/_not-found/page.js:1:6593)
-- 21:23:44 +00:00:     at async p (.next/server/app/_not-found/page.js:2:1860)
-- 21:23:44 +00:00:     at async L (.next/server/app/_not-found/page.js:2:6944)
-- 21:23:44 +00:00: Error: Failed to find Server Action "x". This request might be from an older or newer deployment.
-- 21:23:44 +00:00: Read more: https://nextjs.org/docs/messages/failed-to-find-server-action
-- 21:23:44 +00:00:     at async m (.next/server/app/_not-found/page.js:1:6593)
-- 21:23:44 +00:00:     at async p (.next/server/app/_not-found/page.js:2:1860)
-- 21:23:44 +00:00:     at async L (.next/server/app/_not-found/page.js:2:6944)
-- 21:23:45 +00:00: Error: Failed to find Server Action "x". This request might be from an older or newer deployment.
-- 21:23:45 +00:00: Read more: https://nextjs.org/docs/messages/failed-to-find-server-action
-- 21:23:45 +00:00:     at async m (.next/server/app/_not-found/page.js:1:6593)
-- 21:23:45 +00:00:     at async p (.next/server/app/_not-found/page.js:2:1860)
-- 21:23:45 +00:00:     at async L (.next/server/app/_not-found/page.js:2:6944)
-- 21:23:45 +00:00: Error: Failed to find Server Action "x". This request might be from an older or newer deployment.
-- 21:23:45 +00:00: Read more: https://nextjs.org/docs/messages/failed-to-find-server-action
-- 21:23:45 +00:00:     at async m (.next/server/app/_not-found/page.js:1:6593)
-- 21:23:45 +00:00:     at async p (.next/server/app/_not-found/page.js:2:1860)
-- 21:23:45 +00:00:     at async L (.next/server/app/_not-found/page.js:2:6944)
-- 21:23:45 +00:00: Error: Failed to find Server Action "x". This request might be from an older or newer deployment.
-- 21:23:45 +00:00: Read more: https://nextjs.org/docs/messages/failed-to-find-server-action
-- 21:23:45 +00:00:     at async m (.next/server/app/_not-found/page.js:1:6593)
-- 21:23:45 +00:00:     at async p (.next/server/app/_not-found/page.js:2:1860)
-- 21:23:45 +00:00:     at async L (.next/server/app/_not-found/page.js:2:6944)
-- 21:25:52 +00:00: Error: Failed to find Server Action "x". This request might be from an older or newer deployment.
-- 21:25:52 +00:00: Read more: https://nextjs.org/docs/messages/failed-to-find-server-action
-- 21:25:52 +00:00:     at async m (.next/server/app/page.js:1:45740)
-- 21:25:52 +00:00:     at async p (.next/server/app/page.js:2:1860)
-- 21:25:52 +00:00:     at async L (.next/server/app/page.js:2:6944)
-- 21:25:53 +00:00: Error: Failed to find Server Action "x". This request might be from an older or newer deployment.
-- 21:25:53 +00:00: Read more: https://nextjs.org/docs/messages/failed-to-find-server-action
-- 21:25:53 +00:00:     at async m (.next/server/app/_not-found/page.js:1:6593)
-- 21:25:53 +00:00:     at async p (.next/server/app/_not-found/page.js:2:1860)
-- 21:25:53 +00:00:     at async L (.next/server/app/_not-found/page.js:2:6944)
-- 21:25:53 +00:00: Error: Failed to find Server Action "x". This request might be from an older or newer deployment.
-- 21:25:53 +00:00: Read more: https://nextjs.org/docs/messages/failed-to-find-server-action
-- 21:25:53 +00:00:     at async m (.next/server/app/_not-found/page.js:1:6593)
-- 21:25:53 +00:00:     at async p (.next/server/app/_not-found/page.js:2:1860)
-- 21:25:53 +00:00:     at async L (.next/server/app/_not-found/page.js:2:6944)
-- 21:25:53 +00:00: Error: Failed to find Server Action "x". This request might be from an older or newer deployment.
-- 21:25:53 +00:00: Read more: https://nextjs.org/docs/messages/failed-to-find-server-action
-- 21:25:53 +00:00:     at async m (.next/server/app/_not-found/page.js:1:6593)
-- 21:25:53 +00:00:     at async p (.next/server/app/_not-found/page.js:2:1860)
-- 21:25:53 +00:00:     at async L (.next/server/app/_not-found/page.js:2:6944)
-- 21:25:53 +00:00: Error: Failed to find Server Action "x". This request might be from an older or newer deployment.
-- 21:25:53 +00:00: Read more: https://nextjs.org/docs/messages/failed-to-find-server-action
-- 21:25:53 +00:00:     at async m (.next/server/app/_not-found/page.js:1:6593)
-- 21:25:53 +00:00:     at async p (.next/server/app/_not-found/page.js:2:1860)
-- 21:25:53 +00:00:     at async L (.next/server/app/_not-found/page.js:2:6944)
-- 21:25:53 +00:00: Error: Failed to find Server Action "x". This request might be from an older or newer deployment.
-- 21:25:53 +00:00: Read more: https://nextjs.org/docs/messages/failed-to-find-server-action
-- 21:25:53 +00:00:     at async m (.next/server/app/_not-found/page.js:1:6593)
-- 21:25:53 +00:00:     at async p (.next/server/app/_not-found/page.js:2:1860)
-- 21:25:53 +00:00:     at async L (.next/server/app/_not-found/page.js:2:6944)
-- 21:25:53 +00:00: Error: Failed to find Server Action "x". This request might be from an older or newer deployment.
-- 21:25:53 +00:00: Read more: https://nextjs.org/docs/messages/failed-to-find-server-action
-- 21:25:53 +00:00:     at async m (.next/server/app/login/page.js:2:13652)
-- 21:25:53 +00:00:     at async p (.next/server/app/login/page.js:3:1860)
-- 21:25:53 +00:00:     at async L (.next/server/app/login/page.js:3:6944)
-- 21:25:54 +00:00: Error: Failed to find Server Action "x". This request might be from an older or newer deployment.
-- 21:25:54 +00:00: Read more: https://nextjs.org/docs/messages/failed-to-find-server-action
-- 21:25:54 +00:00:     at async m (.next/server/app/_not-found/page.js:1:6593)
-- 21:25:54 +00:00:     at async p (.next/server/app/_not-found/page.js:2:1860)
-- 21:25:54 +00:00:     at async L (.next/server/app/_not-found/page.js:2:6944)
-- 21:25:54 +00:00: Error: Failed to find Server Action "x". This request might be from an older or newer deployment.
-- 21:25:54 +00:00: Read more: https://nextjs.org/docs/messages/failed-to-find-server-action
-- 21:25:54 +00:00:     at async m (.next/server/app/dashboard/page.js:1:7851)
-- 21:25:54 +00:00:     at async p (.next/server/app/dashboard/page.js:2:1860)
-- 21:25:54 +00:00:     at async L (.next/server/app/dashboard/page.js:2:6944)
-- 21:25:54 +00:00: Error: Failed to find Server Action "x". This request might be from an older or newer deployment.
-- 21:25:54 +00:00: Read more: https://nextjs.org/docs/messages/failed-to-find-server-action
-- 21:25:54 +00:00:     at async m (.next/server/app/admin/page.js:1:537301)
-- 21:25:54 +00:00:     at async p (.next/server/app/admin/page.js:2:1861)
-- 21:25:54 +00:00:     at async L (.next/server/app/admin/page.js:2:6948)
-- 21:25:54 +00:00: Error: Failed to find Server Action "x". This request might be from an older or newer deployment.
-- 21:25:54 +00:00: Read more: https://nextjs.org/docs/messages/failed-to-find-server-action
-- 21:25:54 +00:00:     at async m (.next/server/app/_not-found/page.js:1:6593)
-- 21:25:54 +00:00:     at async p (.next/server/app/_not-found/page.js:2:1860)
-- 21:25:54 +00:00:     at async L (.next/server/app/_not-found/page.js:2:6944)
-- 21:25:54 +00:00: Error: Failed to find Server Action "x". This request might be from an older or newer deployment.
-- 21:25:54 +00:00: Read more: https://nextjs.org/docs/messages/failed-to-find-server-action
-- 21:25:54 +00:00:     at async m (.next/server/app/_not-found/page.js:1:6593)
-- 21:25:54 +00:00:     at async p (.next/server/app/_not-found/page.js:2:1860)
-- 21:25:54 +00:00:     at async L (.next/server/app/_not-found/page.js:2:6944)
-- 21:25:54 +00:00: Error: Failed to find Server Action "x". This request might be from an older or newer deployment.
-- 21:25:54 +00:00: Read more: https://nextjs.org/docs/messages/failed-to-find-server-action
-- 21:25:54 +00:00:     at async m (.next/server/app/_not-found/page.js:1:6593)
-- 21:25:54 +00:00:     at async p (.next/server/app/_not-found/page.js:2:1860)
-- 21:25:54 +00:00:     at async L (.next/server/app/_not-found/page.js:2:6944)
-- 21:25:54 +00:00: Error: Failed to find Server Action "x". This request might be from an older or newer deployment.
-- 21:25:54 +00:00: Read more: https://nextjs.org/docs/messages/failed-to-find-server-action
-- 21:25:54 +00:00:     at async m (.next/server/app/_not-found/page.js:1:6593)
-- 21:25:54 +00:00:     at async p (.next/server/app/_not-found/page.js:2:1860)
-- 21:25:54 +00:00:     at async L (.next/server/app/_not-found/page.js:2:6944)
-- 21:25:55 +00:00: Error: Failed to find Server Action "x". This request might be from an older or newer deployment.
-- 21:25:55 +00:00: Read more: https://nextjs.org/docs/messages/failed-to-find-server-action
-- 21:25:55 +00:00:     at async m (.next/server/app/_not-found/page.js:1:6593)
-- 21:25:55 +00:00:     at async p (.next/server/app/_not-found/page.js:2:1860)
-- 21:25:55 +00:00:     at async L (.next/server/app/_not-found/page.js:2:6944)
-- 21:25:55 +00:00: Error: Failed to find Server Action "x". This request might be from an older or newer deployment.
-- 21:25:55 +00:00: Read more: https://nextjs.org/docs/messages/failed-to-find-server-action
-- 21:25:55 +00:00:     at async m (.next/server/app/_not-found/page.js:1:6593)
-- 21:25:55 +00:00:     at async p (.next/server/app/_not-found/page.js:2:1860)
-- 21:25:55 +00:00:     at async L (.next/server/app/_not-found/page.js:2:6944)
-- 21:25:55 +00:00: Error: Failed to find Server Action "x". This request might be from an older or newer deployment.
-- 21:25:55 +00:00: Read more: https://nextjs.org/docs/messages/failed-to-find-server-action
-- 21:25:55 +00:00:     at async m (.next/server/app/_not-found/page.js:1:6593)
-- 21:25:55 +00:00:     at async p (.next/server/app/_not-found/page.js:2:1860)
-- 21:25:55 +00:00:     at async L (.next/server/app/_not-found/page.js:2:6944)
-- 22:39:03 +00:00: Error: Failed to find Server Action "dontcare". This request might be from an older or newer deployment.
-- 22:39:03 +00:00: Read more: https://nextjs.org/docs/messages/failed-to-find-server-action
-- 22:39:03 +00:00:     at async m (.next/server/app/page.js:1:45740)
-- 22:39:03 +00:00:     at async p (.next/server/app/page.js:2:1860)
-- 22:39:03 +00:00:     at async L (.next/server/app/page.js:2:6944)
-- 02:58:31 +00:00: Error: Failed to find Server Action "x". This request might be from an older or newer deployment.
-- 02:58:31 +00:00: Read more: https://nextjs.org/docs/messages/failed-to-find-server-action
-- 02:58:31 +00:00:     at async m (.next/server/app/page.js:1:45740)
-- 02:58:31 +00:00:     at async p (.next/server/app/page.js:2:1860)
-- 02:58:31 +00:00:     at async L (.next/server/app/page.js:2:6944)
-- 04:22:24 +00:00: Error: Failed to find Server Action "x". This request might be from an older or newer deployment.
-- 04:22:24 +00:00: Read more: https://nextjs.org/docs/messages/failed-to-find-server-action
-- 04:22:24 +00:00:     at async m (.next/server/app/page.js:1:45740)
-- 04:22:24 +00:00:     at async p (.next/server/app/page.js:2:1860)
-- 04:22:24 +00:00:     at async L (.next/server/app/page.js:2:6944)
-- 07:14:45 +00:00: Error: Failed to find Server Action "1". This request might be from an older or newer deployment.
-- 07:14:45 +00:00: Read more: https://nextjs.org/docs/messages/failed-to-find-server-action
-- 07:14:45 +00:00:     at async m (.next/server/app/page.js:1:45740)
-- 07:14:45 +00:00:     at async p (.next/server/app/page.js:2:1860)
-- 07:14:45 +00:00:     at async L (.next/server/app/page.js:2:6944)
-- 08:44:00 +00:00: Error: Failed to find Server Action "x". This request might be from an older or newer deployment.
-- 08:44:00 +00:00: Read more: https://nextjs.org/docs/messages/failed-to-find-server-action
-- 08:44:00 +00:00:     at async m (.next/server/app/page.js:1:45740)
-- 08:44:00 +00:00:     at async p (.next/server/app/page.js:2:1860)
-- 08:44:00 +00:00:     at async L (.next/server/app/page.js:2:6944)
